TN:
SF:D:\TFSDelta\DataVINE CE\public\js\controllers\dataVINEController.js
FN:1,(anonymous_1)
FN:7,(anonymous_2)
FN:50,(anonymous_3)
FN:64,(anonymous_4)
FN:98,(anonymous_5)
FN:109,(anonymous_6)
FN:131,(anonymous_7)
FN:160,(anonymous_8)
FN:186,(anonymous_9)
FN:216,(anonymous_10)
FN:242,(anonymous_11)
FN:256,(anonymous_12)
FN:279,(anonymous_13)
FN:305,(anonymous_14)
FN:383,(anonymous_15)
FN:396,(anonymous_16)
FN:502,(anonymous_17)
FN:503,(anonymous_18)
FN:523,(anonymous_19)
FN:537,(anonymous_20)
FN:552,(anonymous_21)
FN:634,(anonymous_22)
FN:657,(anonymous_23)
FN:660,(anonymous_24)
FN:661,(anonymous_25)
FN:669,(anonymous_26)
FN:672,(anonymous_27)
FN:678,init
FN:680,(anonymous_29)
FN:681,(anonymous_30)
FN:686,(anonymous_31)
FN:689,(anonymous_32)
FN:696,(anonymous_33)
FN:698,(anonymous_34)
FN:703,(anonymous_35)
FN:705,(anonymous_36)
FN:709,(anonymous_37)
FN:710,(anonymous_38)
FN:717,(anonymous_39)
FN:719,(anonymous_40)
FN:723,(anonymous_41)
FN:724,(anonymous_42)
FN:742,(anonymous_43)
FN:745,(anonymous_44)
FN:749,(anonymous_45)
FN:752,(anonymous_46)
FN:757,(anonymous_47)
FN:764,(anonymous_48)
FN:784,(anonymous_49)
FNF:49
FNH:9
FNDA:1,(anonymous_1)
FNDA:856,(anonymous_2)
FNDA:0,(anonymous_3)
FNDA:0,(anonymous_4)
FNDA:0,(anonymous_5)
FNDA:0,(anonymous_6)
FNDA:0,(anonymous_7)
FNDA:0,(anonymous_8)
FNDA:0,(anonymous_9)
FNDA:0,(anonymous_10)
FNDA:0,(anonymous_11)
FNDA:0,(anonymous_12)
FNDA:0,(anonymous_13)
FNDA:0,(anonymous_14)
FNDA:0,(anonymous_15)
FNDA:0,(anonymous_16)
FNDA:0,(anonymous_17)
FNDA:0,(anonymous_18)
FNDA:0,(anonymous_19)
FNDA:0,(anonymous_20)
FNDA:0,(anonymous_21)
FNDA:0,(anonymous_22)
FNDA:1,(anonymous_23)
FNDA:0,(anonymous_24)
FNDA:0,(anonymous_25)
FNDA:0,(anonymous_26)
FNDA:0,(anonymous_27)
FNDA:1,init
FNDA:0,(anonymous_29)
FNDA:0,(anonymous_30)
FNDA:0,(anonymous_31)
FNDA:0,(anonymous_32)
FNDA:0,(anonymous_33)
FNDA:0,(anonymous_34)
FNDA:0,(anonymous_35)
FNDA:0,(anonymous_36)
FNDA:19,(anonymous_37)
FNDA:2,(anonymous_38)
FNDA:0,(anonymous_39)
FNDA:0,(anonymous_40)
FNDA:0,(anonymous_41)
FNDA:0,(anonymous_42)
FNDA:0,(anonymous_43)
FNDA:0,(anonymous_44)
FNDA:856,(anonymous_45)
FNDA:0,(anonymous_46)
FNDA:143,(anonymous_47)
FNDA:0,(anonymous_48)
FNDA:7539,(anonymous_49)
DA:1,1
DA:5,1
DA:9,856
DA:10,856
DA:11,856
DA:13,856
DA:14,856
DA:15,856
DA:51,0
DA:65,0
DA:99,0
DA:110,0
DA:132,0
DA:161,0
DA:187,0
DA:217,0
DA:243,0
DA:257,0
DA:280,0
DA:306,0
DA:384,0
DA:397,0
DA:503,0
DA:504,0
DA:524,0
DA:538,0
DA:553,0
DA:635,0
DA:658,1
DA:660,1
DA:661,0
DA:662,0
DA:665,1
DA:670,0
DA:673,0
DA:676,1
DA:677,1
DA:678,1
DA:680,1
DA:681,0
DA:682,0
DA:686,1
DA:687,0
DA:689,1
DA:690,0
DA:691,0
DA:698,0
DA:699,0
DA:705,0
DA:706,0
DA:710,19
DA:711,2
DA:712,2
DA:713,2
DA:724,0
DA:725,0
DA:728,0
DA:729,0
DA:731,0
DA:738,0
DA:739,0
DA:742,0
DA:743,0
DA:745,0
DA:746,0
DA:750,856
DA:751,0
DA:752,856
DA:753,0
DA:754,0
DA:755,0
DA:757,856
DA:758,143
DA:759,143
DA:760,143
DA:761,0
DA:763,143
DA:764,1
DA:765,0
DA:766,0
DA:768,0
DA:769,0
DA:773,0
DA:774,0
DA:775,0
DA:784,1
DA:785,7539
LF:87
LH:31
BRDA:306,1,0,0
BRDA:306,1,1,0
BRDA:384,2,0,0
BRDA:384,2,1,0
BRDA:397,3,0,0
BRDA:397,3,1,0
BRDA:635,4,0,0
BRDA:635,4,1,0
BRDA:682,5,0,0
BRDA:682,5,1,0
BRDA:725,6,0,0
BRDA:725,6,1,0
BRDA:725,7,0,0
BRDA:725,7,1,0
BRDA:725,7,2,0
BRDA:731,8,0,0
BRDA:731,8,1,0
BRDA:731,9,0,0
BRDA:731,9,1,0
BRDA:731,9,2,0
BRDA:731,9,3,0
BRDA:731,9,4,0
BRDA:731,9,5,0
BRDA:731,9,6,0
BRDA:750,10,0,0
BRDA:750,10,1,856
BRDA:760,11,0,0
BRDA:760,11,1,143
BRDA:763,12,0,1
BRDA:763,12,1,142
BRDA:765,13,0,0
BRDA:765,13,1,0
BRDA:766,14,0,0
BRDA:766,14,1,0
BRDA:766,15,0,0
BRDA:766,15,1,0
BRDA:785,16,0,7539
BRDA:785,16,1,5976
BRF:38
BRH:6
end_of_record
TN:
SF:D:\TFSDelta\DataVINE CE\public\js\controllers\addOrEditEndpointCtrl.js
FN:1,(anonymous_1)
FN:6,(anonymous_2)
FN:24,(anonymous_3)
FN:26,(anonymous_4)
FN:32,(anonymous_5)
FN:34,(anonymous_6)
FN:40,(anonymous_7)
FNF:7
FNH:7
FNDA:1,(anonymous_1)
FNDA:3,(anonymous_2)
FNDA:1,(anonymous_3)
FNDA:1,(anonymous_4)
FNDA:1,(anonymous_5)
FNDA:1,(anonymous_6)
FNDA:1,(anonymous_7)
DA:1,1
DA:5,1
DA:7,3
DA:9,3
DA:10,3
DA:11,3
DA:12,3
DA:13,3
DA:14,3
DA:15,3
DA:16,0
DA:17,0
DA:21,3
DA:24,3
DA:25,1
DA:26,1
DA:27,1
DA:28,1
DA:29,1
DA:32,3
DA:33,1
DA:34,1
DA:35,1
DA:36,1
DA:37,1
DA:40,3
DA:41,1
LF:27
LH:25
BRDA:12,1,0,3
BRDA:12,1,1,0
BRDA:15,2,0,0
BRDA:15,2,1,3
BRF:4
BRH:2
end_of_record
TN:
SF:D:\TFSDelta\DataVINE CE\public\js\controllers\addOrEditHyperHubCtrl.js
FN:1,(anonymous_1)
FN:6,(anonymous_2)
FN:22,(anonymous_3)
FN:25,(anonymous_4)
FN:31,(anonymous_5)
FN:34,(anonymous_6)
FN:40,(anonymous_7)
FN:43,(anonymous_8)
FNF:8
FNH:7
FNDA:1,(anonymous_1)
FNDA:3,(anonymous_2)
FNDA:1,(anonymous_3)
FNDA:1,(anonymous_4)
FNDA:1,(anonymous_5)
FNDA:1,(anonymous_6)
FNDA:1,(anonymous_7)
FNDA:0,(anonymous_8)
DA:1,1
DA:5,1
DA:7,3
DA:8,3
DA:9,3
DA:10,3
DA:11,3
DA:12,3
DA:13,3
DA:14,3
DA:15,3
DA:17,3
DA:22,3
DA:23,1
DA:24,1
DA:26,1
DA:27,1
DA:28,1
DA:31,3
DA:32,1
DA:33,1
DA:34,1
DA:35,1
DA:36,1
DA:37,1
DA:40,3
DA:41,1
DA:43,3
DA:44,0
DA:45,0
DA:46,0
DA:47,0
DA:48,0
DA:49,0
DA:50,0
DA:51,0
DA:53,0
DA:54,0
DA:55,0
DA:59,0
DA:60,0
DA:61,0
DA:62,0
DA:63,0
DA:64,0
DA:65,0
DA:66,0
DA:68,0
DA:69,0
DA:70,0
DA:73,0
LF:51
LH:28
BRDA:12,1,0,3
BRDA:12,1,1,0
BRDA:44,2,0,0
BRDA:44,2,1,0
BRDA:45,3,0,0
BRDA:45,3,1,0
BRDA:49,4,0,0
BRDA:49,4,1,0
BRDA:59,5,0,0
BRDA:59,5,1,0
BRDA:60,6,0,0
BRDA:60,6,1,0
BRDA:64,7,0,0
BRDA:64,7,1,0
BRDA:73,8,0,0
BRDA:73,8,1,0
BRF:16
BRH:1
end_of_record
TN:
SF:D:\TFSDelta\DataVINE CE\public\js\controllers\addOrEditSecurityGroupCtrl.js
FN:1,(anonymous_1)
FN:6,(anonymous_2)
FN:9,(anonymous_3)
FN:17,(anonymous_4)
FN:24,(anonymous_5)
FN:39,(anonymous_6)
FN:56,populateData
FN:57,(anonymous_8)
FN:65,(anonymous_9)
FN:75,(anonymous_10)
FN:78,(anonymous_11)
FN:88,(anonymous_12)
FN:102,initTree
FN:111,check
FN:116,(anonymous_15)
FN:121,adjustParent
FN:137,(anonymous_17)
FN:150,(anonymous_18)
FNF:18
FNH:1
FNDA:1,(anonymous_1)
FNDA:0,(anonymous_2)
FNDA:0,(anonymous_3)
FNDA:0,(anonymous_4)
FNDA:0,(anonymous_5)
FNDA:0,(anonymous_6)
FNDA:0,populateData
FNDA:0,(anonymous_8)
FNDA:0,(anonymous_9)
FNDA:0,(anonymous_10)
FNDA:0,(anonymous_11)
FNDA:0,(anonymous_12)
FNDA:0,initTree
FNDA:0,check
FNDA:0,(anonymous_15)
FNDA:0,adjustParent
FNDA:0,(anonymous_17)
FNDA:0,(anonymous_18)
DA:1,1
DA:5,1
DA:7,0
DA:8,0
DA:9,0
DA:10,0
DA:12,0
DA:13,0
DA:14,0
DA:15,0
DA:16,0
DA:17,0
DA:18,0
DA:19,0
DA:20,0
DA:21,0
DA:22,0
DA:24,0
DA:25,0
DA:26,0
DA:28,0
DA:29,0
DA:31,0
DA:32,0
DA:33,0
DA:34,0
DA:35,0
DA:39,0
DA:40,0
DA:41,0
DA:42,0
DA:43,0
DA:44,0
DA:45,0
DA:50,0
DA:56,1
DA:57,0
DA:58,0
DA:60,0
DA:61,0
DA:65,0
DA:66,0
DA:67,0
DA:69,0
DA:70,0
DA:73,0
DA:75,0
DA:76,0
DA:77,0
DA:78,0
DA:79,0
DA:80,0
DA:82,0
DA:84,0
DA:85,0
DA:88,0
DA:89,0
DA:90,0
DA:92,0
DA:94,0
DA:95,0
DA:100,0
DA:101,0
DA:102,1
DA:103,0
DA:105,0
DA:110,0
DA:111,1
DA:112,0
DA:113,0
DA:114,0
DA:115,0
DA:116,0
DA:117,0
DA:121,1
DA:122,0
DA:123,0
DA:124,0
DA:125,0
DA:126,0
DA:127,0
DA:130,0
DA:131,0
DA:133,0
DA:136,0
DA:137,0
DA:138,0
DA:139,0
DA:140,0
DA:141,0
DA:142,0
DA:145,0
DA:146,0
DA:147,0
DA:149,0
DA:151,0
DA:152,0
DA:153,0
DA:154,0
DA:155,0
DA:158,0
DA:159,0
DA:160,0
DA:162,0
LF:104
LH:6
BRDA:29,1,0,0
BRDA:29,1,1,0
BRDA:29,2,0,0
BRDA:29,2,1,0
BRDA:31,3,0,0
BRDA:31,3,1,0
BRDA:31,4,0,0
BRDA:31,4,1,0
BRDA:32,5,0,0
BRDA:32,5,1,0
BRDA:33,6,0,0
BRDA:33,6,1,0
BRDA:41,7,0,0
BRDA:41,7,1,0
BRDA:43,8,0,0
BRDA:43,8,1,0
BRDA:58,9,0,0
BRDA:58,9,1,0
BRDA:58,10,0,0
BRDA:58,10,1,0
BRDA:58,10,2,0
BRDA:67,11,0,0
BRDA:67,11,1,0
BRDA:77,12,0,0
BRDA:77,12,1,0
BRDA:79,13,0,0
BRDA:79,13,1,0
BRDA:89,14,0,0
BRDA:89,14,1,0
BRDA:114,15,0,0
BRDA:114,15,1,0
BRDA:123,16,0,0
BRDA:123,16,1,0
BRDA:126,17,0,0
BRDA:126,17,1,0
BRDA:126,18,0,0
BRDA:126,18,1,0
BRDA:130,19,0,0
BRDA:130,19,1,0
BRDA:131,20,0,0
BRDA:131,20,1,0
BRDA:139,21,0,0
BRDA:139,21,1,0
BRDA:141,22,0,0
BRDA:141,22,1,0
BRDA:146,23,0,0
BRDA:146,23,1,0
BRDA:152,24,0,0
BRDA:152,24,1,0
BRDA:154,25,0,0
BRDA:154,25,1,0
BRDA:159,26,0,0
BRDA:159,26,1,0
BRF:53
BRH:0
end_of_record
TN:
SF:D:\TFSDelta\DataVINE CE\public\js\controllers\addRelaytoSystemCtrl.js
FN:2,(anonymous_1)
FN:7,(anonymous_2)
FN:8,(anonymous_3)
FN:14,(anonymous_4)
FN:52,(anonymous_5)
FNF:5
FNH:5
FNDA:1,(anonymous_1)
FNDA:3,(anonymous_2)
FNDA:1,(anonymous_3)
FNDA:1,(anonymous_4)
FNDA:1,(anonymous_5)
DA:2,1
DA:6,1
DA:8,3
DA:9,1
DA:10,1
DA:11,1
DA:14,3
DA:15,1
DA:17,3
DA:52,3
DA:53,1
LF:11
LH:11
BRF:0
BRH:0
end_of_record
TN:
SF:D:\TFSDelta\DataVINE CE\public\js\controllers\addUserCtrl.js
FN:1,(anonymous_1)
FN:6,(anonymous_2)
FN:15,setUserdata
FN:40,(anonymous_4)
FN:50,(anonymous_5)
FN:53,reload
FN:57,(anonymous_7)
FN:60,(anonymous_8)
FN:77,(anonymous_9)
FNF:9
FNH:9
FNDA:1,(anonymous_1)
FNDA:6,(anonymous_2)
FNDA:3,setUserdata
FNDA:1,(anonymous_4)
FNDA:1,(anonymous_5)
FNDA:2,reload
FNDA:4,(anonymous_7)
FNDA:2,(anonymous_8)
FNDA:2,(anonymous_9)
DA:1,1
DA:5,1
DA:7,6
DA:8,6
DA:9,6
DA:10,6
DA:11,6
DA:12,6
DA:13,6
DA:14,6
DA:15,1
DA:16,3
DA:17,3
DA:18,3
DA:19,3
DA:20,3
DA:21,3
DA:22,3
DA:23,3
DA:24,3
DA:25,3
DA:27,6
DA:28,3
DA:29,3
DA:30,3
DA:31,3
DA:33,3
DA:34,3
DA:35,0
DA:36,0
DA:39,6
DA:40,6
DA:41,1
DA:42,1
DA:43,0
DA:44,0
DA:46,1
DA:50,6
DA:51,1
DA:53,1
DA:54,2
DA:55,2
DA:57,6
DA:59,4
DA:60,2
DA:61,2
DA:62,1
DA:63,1
DA:64,0
DA:65,0
DA:67,1
DA:68,1
DA:71,1
DA:72,1
DA:77,2
DA:78,2
DA:79,1
DA:80,1
DA:82,1
DA:84,2
DA:85,2
LF:61
LH:55
BRDA:27,1,0,3
BRDA:27,1,1,3
BRDA:30,2,0,3
BRDA:30,2,1,0
BRDA:34,3,0,0
BRDA:34,3,1,3
BRDA:42,4,0,0
BRDA:42,4,1,1
BRDA:59,5,0,2
BRDA:59,5,1,2
BRDA:61,6,0,1
BRDA:61,6,1,1
BRDA:61,7,0,2
BRDA:61,7,1,2
BRDA:63,8,0,0
BRDA:63,8,1,1
BRDA:78,9,0,1
BRDA:78,9,1,1
BRDA:78,10,0,2
BRDA:78,10,1,2
BRF:20
BRH:16
end_of_record
TN:
SF:D:\TFSDelta\DataVINE CE\public\js\controllers\assignEndpointCtrl.js
FN:1,(anonymous_1)
FN:7,(anonymous_2)
FN:10,init
FN:21,formatData
FN:35,(anonymous_5)
FN:40,(anonymous_6)
FN:43,(anonymous_7)
FN:48,(anonymous_8)
FN:53,(anonymous_9)
FN:56,(anonymous_10)
FN:63,(anonymous_11)
FN:71,(anonymous_12)
FN:76,(anonymous_13)
FN:83,(anonymous_14)
FN:89,(anonymous_15)
FN:91,(anonymous_16)
FN:97,(anonymous_17)
FN:103,(anonymous_18)
FN:107,(anonymous_19)
FNF:19
FNH:15
FNDA:1,(anonymous_1)
FNDA:10,(anonymous_2)
FNDA:10,init
FNDA:4,formatData
FNDA:0,(anonymous_5)
FNDA:4,(anonymous_6)
FNDA:2,(anonymous_7)
FNDA:2,(anonymous_8)
FNDA:1,(anonymous_9)
FNDA:1,(anonymous_10)
FNDA:1,(anonymous_11)
FNDA:1,(anonymous_12)
FNDA:0,(anonymous_13)
FNDA:0,(anonymous_14)
FNDA:4,(anonymous_15)
FNDA:0,(anonymous_16)
FNDA:1,(anonymous_17)
FNDA:1,(anonymous_18)
FNDA:1,(anonymous_19)
DA:1,1
DA:5,1
DA:8,10
DA:9,10
DA:10,1
DA:11,10
DA:12,10
DA:13,10
DA:14,10
DA:15,10
DA:18,10
DA:20,10
DA:21,1
DA:22,4
DA:23,4
DA:24,2
DA:25,2
DA:26,2
DA:27,2
DA:30,2
DA:31,2
DA:32,2
DA:33,2
DA:35,4
DA:36,0
DA:40,10
DA:41,4
DA:42,4
DA:43,2
DA:44,2
DA:48,2
DA:49,2
DA:53,10
DA:54,1
DA:56,10
DA:57,1
DA:60,10
DA:63,10
DA:64,1
DA:72,1
DA:76,1
DA:77,0
DA:78,0
DA:79,0
DA:80,0
DA:81,0
DA:84,0
DA:87,10
DA:88,10
DA:89,10
DA:90,4
DA:91,0
DA:92,0
DA:97,10
DA:99,1
DA:100,1
DA:101,1
DA:103,10
DA:104,1
DA:107,10
DA:108,1
DA:109,0
DA:110,0
LF:63
LH:52
BRDA:14,1,0,10
BRDA:14,1,1,0
BRDA:14,2,0,10
BRDA:14,2,1,0
BRDA:22,3,0,4
BRDA:22,3,1,0
BRDA:23,4,0,2
BRDA:23,4,1,2
BRDA:27,5,0,2
BRDA:27,5,1,0
BRDA:42,6,0,2
BRDA:42,6,1,2
BRDA:42,7,0,0
BRDA:42,7,1,4
BRDA:43,8,0,2
BRDA:43,8,1,0
BRDA:48,9,0,2
BRDA:48,9,1,0
BRDA:78,10,0,0
BRDA:78,10,1,0
BRDA:90,11,0,0
BRDA:90,11,1,4
BRDA:108,12,0,0
BRDA:108,12,1,1
BRF:24
BRH:13
end_of_record
TN:
SF:D:\TFSDelta\DataVINE CE\public\js\controllers\cellEndpoints_DataVINEHealthCtrl.js
FN:1,(anonymous_1)
FN:6,(anonymous_2)
FN:29,(anonymous_3)
FN:38,(anonymous_4)
FNF:4
FNH:4
FNDA:1,(anonymous_1)
FNDA:4,(anonymous_2)
FNDA:1,(anonymous_3)
FNDA:1,(anonymous_4)
DA:1,1
DA:5,1
DA:8,4
DA:9,4
DA:22,4
DA:23,4
DA:24,4
DA:29,4
DA:30,1
DA:38,4
DA:39,1
LF:11
LH:11
BRF:0
BRH:0
end_of_record
TN:
SF:D:\TFSDelta\DataVINE CE\public\js\controllers\changePasswordCtrl.js
FN:1,(anonymous_1)
FN:6,(anonymous_2)
FN:13,(anonymous_3)
FN:20,(anonymous_4)
FN:21,(anonymous_5)
FN:40,(anonymous_6)
FNF:6
FNH:6
FNDA:1,(anonymous_1)
FNDA:3,(anonymous_2)
FNDA:2,(anonymous_3)
FNDA:1,(anonymous_4)
FNDA:1,(anonymous_5)
FNDA:1,(anonymous_6)
DA:1,1
DA:5,1
DA:7,3
DA:8,3
DA:10,3
DA:11,3
DA:12,3
DA:13,3
DA:14,2
DA:15,2
DA:16,2
DA:17,2
DA:20,3
DA:21,1
DA:22,1
DA:23,1
DA:24,1
DA:25,1
DA:26,1
DA:28,0
DA:29,0
DA:30,0
DA:31,0
DA:34,0
DA:40,3
DA:41,1
LF:26
LH:21
BRDA:14,1,0,2
BRDA:14,1,1,0
BRDA:14,2,0,2
BRDA:14,2,1,2
BRDA:16,3,0,2
BRDA:16,3,1,0
BRDA:22,4,0,1
BRDA:22,4,1,0
BRDA:22,5,0,1
BRDA:22,5,1,1
BRDA:24,6,0,1
BRDA:24,6,1,0
BRF:12
BRH:8
end_of_record
TN:
SF:D:\TFSDelta\DataVINE CE\public\js\controllers\circuitGroupingCtrl.js
FN:1,(anonymous_1)
FN:5,(anonymous_2)
FN:9,init
FN:12,(anonymous_4)
FN:61,(anonymous_5)
FN:72,(anonymous_6)
FN:78,(anonymous_7)
FNF:7
FNH:7
FNDA:1,(anonymous_1)
FNDA:5,(anonymous_2)
FNDA:5,init
FNDA:2,(anonymous_4)
FNDA:1,(anonymous_5)
FNDA:1,(anonymous_6)
FNDA:1,(anonymous_7)
DA:1,1
DA:5,1
DA:7,5
DA:8,5
DA:9,1
DA:10,5
DA:12,5
DA:13,2
DA:14,2
DA:15,20
DA:16,20
DA:17,20
DA:18,20
DA:19,20
DA:20,20
DA:21,20
DA:22,20
DA:23,20
DA:24,20
DA:25,20
DA:26,20
DA:27,20
DA:28,20
DA:29,20
DA:31,2
DA:32,2
DA:37,5
DA:38,5
DA:39,5
DA:40,5
DA:41,5
DA:61,5
DA:62,1
DA:63,1
DA:72,5
DA:73,1
DA:74,1
DA:78,5
DA:79,1
DA:80,1
LF:40
LH:40
BRDA:13,1,0,2
BRDA:13,1,1,0
BRF:2
BRH:1
end_of_record
TN:
SF:D:\TFSDelta\DataVINE CE\public\js\controllers\circuitInfoGroupingCtrl.js
FN:1,(anonymous_1)
FN:5,(anonymous_2)
FN:9,init
FN:28,(anonymous_4)
FNF:4
FNH:4
FNDA:1,(anonymous_1)
FNDA:2,(anonymous_2)
FNDA:2,init
FNDA:1,(anonymous_4)
DA:1,1
DA:5,1
DA:7,2
DA:9,1
DA:10,2
DA:11,2
DA:13,2
DA:14,2
DA:15,2
DA:16,2
DA:17,2
DA:18,2
DA:19,2
DA:20,2
DA:21,2
DA:22,2
DA:23,2
DA:24,2
DA:28,2
DA:30,1
LF:20
LH:20
BRDA:10,1,0,2
BRDA:10,1,1,0
BRF:2
BRH:1
end_of_record
TN:
SF:D:\TFSDelta\DataVINE CE\public\js\controllers\circuitRegistrationCtrl.js
FN:1,(anonymous_1)
FN:8,(anonymous_2)
FN:37,(anonymous_3)
FN:42,init
FN:44,(anonymous_5)
FN:69,(anonymous_6)
FN:73,(anonymous_7)
FN:77,(anonymous_8)
FN:86,(anonymous_9)
FN:89,(anonymous_10)
FN:98,(anonymous_11)
FN:109,(anonymous_12)
FN:118,(anonymous_13)
FN:128,(anonymous_14)
FN:134,(anonymous_15)
FN:143,(anonymous_16)
FN:150,(anonymous_17)
FN:161,(anonymous_18)
FN:167,(anonymous_19)
FN:175,(anonymous_20)
FN:180,(anonymous_21)
FN:182,(anonymous_22)
FN:186,(anonymous_23)
FN:196,(anonymous_24)
FN:198,(anonymous_25)
FN:202,(anonymous_26)
FN:212,(anonymous_27)
FNF:27
FNH:20
FNDA:1,(anonymous_1)
FNDA:12,(anonymous_2)
FNDA:0,(anonymous_3)
FNDA:14,init
FNDA:5,(anonymous_5)
FNDA:0,(anonymous_6)
FNDA:1,(anonymous_7)
FNDA:1,(anonymous_8)
FNDA:1,(anonymous_9)
FNDA:1,(anonymous_10)
FNDA:1,(anonymous_11)
FNDA:1,(anonymous_12)
FNDA:2,(anonymous_13)
FNDA:0,(anonymous_14)
FNDA:1,(anonymous_15)
FNDA:1,(anonymous_16)
FNDA:1,(anonymous_17)
FNDA:1,(anonymous_18)
FNDA:1,(anonymous_19)
FNDA:1,(anonymous_20)
FNDA:0,(anonymous_21)
FNDA:0,(anonymous_22)
FNDA:1,(anonymous_23)
FNDA:0,(anonymous_24)
FNDA:0,(anonymous_25)
FNDA:1,(anonymous_26)
FNDA:1,(anonymous_27)
DA:1,1
DA:5,1
DA:9,12
DA:10,12
DA:11,12
DA:12,12
DA:13,12
DA:14,12
DA:15,12
DA:16,12
DA:17,12
DA:18,12
DA:36,12
DA:37,12
DA:38,0
DA:39,0
DA:42,1
DA:43,14
DA:44,14
DA:45,5
DA:46,5
DA:47,50
DA:48,50
DA:49,50
DA:50,50
DA:51,50
DA:52,50
DA:53,50
DA:54,50
DA:55,50
DA:56,50
DA:57,50
DA:58,50
DA:59,50
DA:60,50
DA:61,50
DA:62,50
DA:64,5
DA:69,12
DA:70,0
DA:73,12
DA:74,1
DA:75,1
DA:77,12
DA:78,1
DA:87,1
DA:88,1
DA:89,1
DA:90,1
DA:91,1
DA:98,12
DA:99,1
DA:100,1
DA:101,1
DA:109,12
DA:110,1
DA:118,12
DA:119,2
DA:120,2
DA:121,2
DA:122,1
DA:124,1
DA:128,12
DA:129,0
DA:130,0
DA:131,0
DA:134,12
DA:135,1
DA:144,1
DA:146,1
DA:147,1
DA:148,1
DA:150,1
DA:151,1
DA:152,1
DA:153,1
DA:156,0
DA:161,12
DA:162,1
DA:163,1
DA:167,12
DA:168,1
DA:176,1
DA:180,1
DA:181,0
DA:183,0
DA:186,12
DA:187,1
DA:188,1
DA:189,1
DA:196,1
DA:197,0
DA:199,0
DA:202,12
DA:203,1
DA:204,1
DA:212,12
LF:97
LH:86
BRDA:45,1,0,5
BRDA:45,1,1,0
BRDA:87,2,0,1
BRDA:87,2,1,0
BRDA:121,3,0,1
BRDA:121,3,1,1
BRDA:121,4,0,2
BRDA:121,4,1,2
BRDA:144,5,0,1
BRDA:144,5,1,0
BRF:10
BRH:7
end_of_record
TN:
SF:D:\TFSDelta\DataVINE CE\public\js\controllers\cktUploadCtrl.js
FN:1,(anonymous_1)
FN:4,(anonymous_2)
FN:10,(anonymous_3)
FN:57,(anonymous_4)
FN:68,(anonymous_5)
FNF:5
FNH:4
FNDA:1,(anonymous_1)
FNDA:2,(anonymous_2)
FNDA:1,(anonymous_3)
FNDA:0,(anonymous_4)
FNDA:1,(anonymous_5)
DA:1,1
DA:3,1
DA:5,2
DA:6,2
DA:7,2
DA:8,2
DA:9,2
DA:10,2
DA:11,1
DA:12,1
DA:13,1
DA:14,1
DA:16,0
DA:17,0
DA:18,0
DA:19,0
DA:20,0
DA:24,0
DA:25,0
DA:36,0
DA:37,0
DA:39,0
DA:40,0
DA:53,0
DA:56,0
DA:57,0
DA:59,0
DA:60,0
DA:64,0
DA:68,2
DA:69,1
LF:31
LH:14
BRDA:9,1,0,0
BRDA:9,1,1,2
BRDA:12,2,0,1
BRDA:12,2,1,0
BRDA:19,3,0,0
BRDA:19,3,1,0
BRDA:24,4,0,0
BRDA:24,4,1,0
BRDA:36,5,0,0
BRDA:36,5,1,0
BRDA:39,6,0,0
BRDA:39,6,1,0
BRDA:56,7,0,0
BRDA:56,7,1,0
BRDA:56,8,0,0
BRDA:56,8,1,0
BRF:16
BRH:2
end_of_record
TN:
SF:D:\TFSDelta\DataVINE CE\public\js\controllers\communicationStatisticsCtrl.js
FN:99,(anonymous_1)
FN:104,(anonymous_2)
FNF:2
FNH:2
FNDA:1,(anonymous_1)
FNDA:1,(anonymous_2)
DA:99,1
DA:103,1
DA:106,1
DA:108,1
LF:4
LH:4
BRDA:106,1,0,1
BRDA:106,1,1,0
BRDA:106,2,0,1
BRDA:106,2,1,1
BRF:4
BRH:3
end_of_record
TN:
SF:D:\TFSDelta\DataVINE CE\public\js\controllers\configProgramCtrl.js
FN:1,(anonymous_1)
FN:6,(anonymous_2)
FN:18,init
FN:21,(anonymous_4)
FN:49,(anonymous_5)
FN:57,(anonymous_6)
FN:60,(anonymous_7)
FN:63,(anonymous_8)
FN:70,(anonymous_9)
FN:77,(anonymous_10)
FN:79,(anonymous_11)
FN:90,(anonymous_12)
FN:94,(anonymous_13)
FN:102,(anonymous_14)
FN:105,(anonymous_15)
FNF:15
FNH:15
FNDA:1,(anonymous_1)
FNDA:6,(anonymous_2)
FNDA:6,init
FNDA:2,(anonymous_4)
FNDA:1,(anonymous_5)
FNDA:1,(anonymous_6)
FNDA:1,(anonymous_7)
FNDA:1,(anonymous_8)
FNDA:1,(anonymous_9)
FNDA:1,(anonymous_10)
FNDA:1,(anonymous_11)
FNDA:1,(anonymous_12)
FNDA:1,(anonymous_13)
FNDA:1,(anonymous_14)
FNDA:1,(anonymous_15)
DA:1,1
DA:5,1
DA:7,6
DA:8,6
DA:9,6
DA:10,6
DA:11,6
DA:18,1
DA:19,6
DA:20,6
DA:21,6
DA:22,2
DA:23,2
DA:24,2
DA:30,2
DA:31,2
DA:32,2
DA:33,2
DA:34,2
DA:35,2
DA:36,2
DA:37,2
DA:40,2
DA:41,2
DA:48,6
DA:49,6
DA:50,1
DA:58,1
DA:61,1
DA:64,1
DA:70,6
DA:71,1
DA:78,1
DA:79,1
DA:80,1
DA:81,0
DA:83,1
DA:85,1
DA:90,6
DA:91,1
DA:94,6
DA:95,1
DA:103,1
DA:106,1
LF:44
LH:43
BRDA:22,1,0,2
BRDA:22,1,1,0
BRDA:22,2,0,2
BRDA:22,2,1,2
BRDA:30,3,0,2
BRDA:30,3,1,0
BRDA:30,4,0,2
BRDA:30,4,1,2
BRDA:32,5,0,2
BRDA:32,5,1,0
BRDA:36,6,0,2
BRDA:36,6,1,0
BRDA:51,7,0,1
BRDA:51,7,1,0
BRDA:78,8,0,1
BRDA:78,8,1,0
BRDA:80,9,0,0
BRDA:80,9,1,1
BRDA:80,10,0,1
BRDA:80,10,1,1
BRF:20
BRH:13
end_of_record
TN:
SF:D:\TFSDelta\DataVINE CE\public\js\controllers\configurationManagementCtrl.js
FN:1,(anonymous_1)
FN:6,(anonymous_2)
FNF:2
FNH:2
FNDA:1,(anonymous_1)
FNDA:1,(anonymous_2)
DA:1,1
DA:5,1
DA:7,1
DA:9,1
LF:4
LH:4
BRDA:7,1,0,1
BRDA:7,1,1,0
BRDA:7,2,0,1
BRDA:7,2,1,1
BRF:4
BRH:3
end_of_record
TN:
SF:D:\TFSDelta\DataVINE CE\public\js\controllers\configurationManagement_meterCtrl.js
FN:1,(anonymous_1)
FN:6,(anonymous_2)
FNF:2
FNH:2
FNDA:1,(anonymous_1)
FNDA:1,(anonymous_2)
DA:1,1
DA:5,1
DA:7,1
DA:9,1
LF:4
LH:4
BRDA:7,1,0,1
BRDA:7,1,1,0
BRDA:7,2,0,1
BRDA:7,2,1,1
BRF:4
BRH:3
end_of_record
TN:
SF:D:\TFSDelta\DataVINE CE\public\js\controllers\configurationsCtrl.js
FN:1,(anonymous_1)
FN:7,(anonymous_2)
FN:15,(anonymous_3)
FN:36,init
FN:41,(anonymous_5)
FN:79,(anonymous_6)
FN:82,(anonymous_7)
FN:87,(anonymous_8)
FN:96,(anonymous_9)
FN:99,(anonymous_10)
FN:106,(anonymous_11)
FN:114,(anonymous_12)
FN:117,(anonymous_13)
FN:129,(anonymous_14)
FN:142,(anonymous_15)
FN:151,(anonymous_16)
FN:158,(anonymous_17)
FN:164,(anonymous_18)
FN:167,(anonymous_19)
FN:173,(anonymous_20)
FN:182,(anonymous_21)
FN:185,(anonymous_22)
FN:193,(anonymous_23)
FN:201,(anonymous_24)
FN:215,(anonymous_25)
FN:223,(anonymous_26)
FNF:26
FNH:19
FNDA:1,(anonymous_1)
FNDA:24,(anonymous_2)
FNDA:0,(anonymous_3)
FNDA:24,init
FNDA:3,(anonymous_5)
FNDA:1,(anonymous_6)
FNDA:1,(anonymous_7)
FNDA:0,(anonymous_8)
FNDA:0,(anonymous_9)
FNDA:0,(anonymous_10)
FNDA:1,(anonymous_11)
FNDA:1,(anonymous_12)
FNDA:1,(anonymous_13)
FNDA:1,(anonymous_14)
FNDA:0,(anonymous_15)
FNDA:1,(anonymous_16)
FNDA:0,(anonymous_17)
FNDA:1,(anonymous_18)
FNDA:0,(anonymous_19)
FNDA:1,(anonymous_20)
FNDA:1,(anonymous_21)
FNDA:1,(anonymous_22)
FNDA:1,(anonymous_23)
FNDA:1,(anonymous_24)
FNDA:1,(anonymous_25)
FNDA:1,(anonymous_26)
DA:1,1
DA:5,1
DA:8,24
DA:9,24
DA:10,24
DA:11,24
DA:12,24
DA:13,24
DA:14,24
DA:15,0
DA:16,0
DA:17,0
DA:20,24
DA:22,24
DA:23,24
DA:24,24
DA:25,24
DA:26,24
DA:36,1
DA:37,24
DA:38,24
DA:39,24
DA:40,24
DA:41,24
DA:42,3
DA:43,3
DA:44,9
DA:45,9
DA:53,3
DA:54,3
DA:55,21
DA:56,21
DA:57,21
DA:58,21
DA:59,21
DA:60,21
DA:61,21
DA:62,21
DA:63,21
DA:64,21
DA:65,21
DA:68,3
DA:69,3
DA:73,24
DA:74,24
DA:75,24
DA:76,24
DA:80,1
DA:83,1
DA:87,24
DA:88,0
DA:89,0
DA:97,0
DA:100,0
DA:106,24
DA:107,1
DA:108,1
DA:115,1
DA:116,1
DA:117,1
DA:118,1
DA:119,0
DA:121,1
DA:123,1
DA:129,24
DA:130,1
DA:131,1
DA:133,1
DA:134,1
DA:143,0
DA:144,0
DA:145,0
DA:146,0
DA:148,0
DA:149,0
DA:152,1
DA:158,24
DA:159,0
DA:160,0
DA:161,0
DA:164,24
DA:165,1
DA:167,1
DA:168,0
DA:170,1
DA:172,24
DA:173,24
DA:174,1
DA:183,1
DA:186,1
DA:190,1
DA:193,24
DA:194,1
DA:202,1
DA:203,1
DA:204,1
DA:205,1
DA:206,1
DA:207,1
DA:208,1
DA:211,1
DA:212,1
DA:216,1
DA:220,1
DA:223,24
DA:224,1
LF:106
LH:88
BRDA:13,1,0,0
BRDA:13,1,1,24
BRDA:14,2,0,0
BRDA:14,2,1,24
BRDA:42,3,0,3
BRDA:42,3,1,0
BRDA:42,4,0,3
BRDA:42,4,1,3
BRDA:44,5,0,9
BRDA:44,5,1,0
BRDA:53,6,0,3
BRDA:53,6,1,0
BRDA:53,7,0,3
BRDA:53,7,1,3
BRDA:55,8,0,21
BRDA:55,8,1,0
BRDA:60,9,0,0
BRDA:60,9,1,21
BRDA:115,10,0,1
BRDA:115,10,1,0
BRDA:118,11,0,0
BRDA:118,11,1,1
BRDA:118,12,0,1
BRDA:118,12,1,1
BRDA:130,13,0,1
BRDA:130,13,1,0
BRDA:144,14,0,0
BRDA:144,14,1,0
BRDA:202,15,0,1
BRDA:202,15,1,0
BRDA:202,16,0,1
BRDA:202,16,1,1
BRDA:205,17,0,1
BRDA:205,17,1,0
BRF:34
BRH:20
end_of_record
TN:
SF:D:\TFSDelta\DataVINE CE\public\js\controllers\configurations_meterCtrl.js
FN:1,(anonymous_1)
FN:6,(anonymous_2)
FN:16,(anonymous_3)
FN:35,init
FN:36,(anonymous_5)
FN:73,(anonymous_6)
FN:76,(anonymous_7)
FN:80,(anonymous_8)
FN:84,(anonymous_9)
FN:88,(anonymous_10)
FN:94,(anonymous_11)
FN:103,(anonymous_12)
FN:106,(anonymous_13)
FN:112,(anonymous_14)
FN:120,(anonymous_15)
FN:123,(anonymous_16)
FN:135,(anonymous_17)
FN:148,(anonymous_18)
FN:157,(anonymous_19)
FN:167,(anonymous_20)
FN:173,(anonymous_21)
FN:182,(anonymous_22)
FN:185,(anonymous_23)
FN:193,(anonymous_24)
FN:202,(anonymous_25)
FN:216,(anonymous_26)
FN:224,(anonymous_27)
FNF:27
FNH:19
FNDA:1,(anonymous_1)
FNDA:26,(anonymous_2)
FNDA:0,(anonymous_3)
FNDA:26,init
FNDA:2,(anonymous_5)
FNDA:1,(anonymous_6)
FNDA:1,(anonymous_7)
FNDA:1,(anonymous_8)
FNDA:1,(anonymous_9)
FNDA:0,(anonymous_10)
FNDA:0,(anonymous_11)
FNDA:0,(anonymous_12)
FNDA:0,(anonymous_13)
FNDA:1,(anonymous_14)
FNDA:1,(anonymous_15)
FNDA:1,(anonymous_16)
FNDA:1,(anonymous_17)
FNDA:0,(anonymous_18)
FNDA:1,(anonymous_19)
FNDA:0,(anonymous_20)
FNDA:1,(anonymous_21)
FNDA:1,(anonymous_22)
FNDA:1,(anonymous_23)
FNDA:1,(anonymous_24)
FNDA:0,(anonymous_25)
FNDA:1,(anonymous_26)
FNDA:1,(anonymous_27)
DA:1,1
DA:5,1
DA:7,26
DA:8,26
DA:9,26
DA:10,26
DA:11,26
DA:12,26
DA:13,26
DA:14,26
DA:15,26
DA:16,0
DA:17,0
DA:18,0
DA:21,26
DA:23,26
DA:24,26
DA:25,26
DA:35,1
DA:36,26
DA:37,2
DA:38,2
DA:39,2
DA:40,2
DA:41,6
DA:48,2
DA:49,2
DA:50,14
DA:51,14
DA:52,14
DA:53,14
DA:54,14
DA:55,14
DA:56,14
DA:57,14
DA:58,14
DA:59,14
DA:60,14
DA:63,2
DA:64,2
DA:68,26
DA:69,26
DA:70,26
DA:74,1
DA:77,1
DA:80,26
DA:81,1
DA:82,1
DA:84,26
DA:85,1
DA:86,1
DA:87,1
DA:88,1
DA:89,0
DA:91,1
DA:93,26
DA:94,26
DA:95,0
DA:96,0
DA:104,0
DA:107,0
DA:112,26
DA:113,1
DA:114,1
DA:121,1
DA:122,1
DA:123,1
DA:124,1
DA:125,0
DA:127,1
DA:129,1
DA:135,26
DA:136,1
DA:137,1
DA:139,1
DA:140,1
DA:149,0
DA:150,0
DA:151,0
DA:152,0
DA:154,0
DA:155,0
DA:158,1
DA:163,26
DA:167,26
DA:168,0
DA:169,0
DA:170,0
DA:173,26
DA:174,1
DA:183,1
DA:186,1
DA:190,1
DA:193,26
DA:194,1
DA:195,1
DA:203,0
DA:204,0
DA:205,0
DA:206,0
DA:207,0
DA:208,0
DA:209,0
DA:212,0
DA:213,0
DA:217,1
DA:221,1
DA:224,26
DA:225,1
LF:109
LH:82
BRDA:14,1,0,0
BRDA:14,1,1,26
BRDA:15,2,0,0
BRDA:15,2,1,26
BRDA:39,3,0,2
BRDA:39,3,1,0
BRDA:39,4,0,2
BRDA:39,4,1,2
BRDA:48,5,0,2
BRDA:48,5,1,0
BRDA:48,6,0,2
BRDA:48,6,1,2
BRDA:50,7,0,14
BRDA:50,7,1,0
BRDA:55,8,0,0
BRDA:55,8,1,14
BRDA:121,9,0,1
BRDA:121,9,1,0
BRDA:124,10,0,0
BRDA:124,10,1,1
BRDA:124,11,0,1
BRDA:124,11,1,1
BRDA:136,12,0,1
BRDA:136,12,1,0
BRDA:150,13,0,0
BRDA:150,13,1,0
BRDA:203,14,0,0
BRDA:203,14,1,0
BRDA:203,15,0,0
BRDA:203,15,1,0
BRDA:206,16,0,0
BRDA:206,16,1,0
BRF:32
BRH:15
end_of_record
TN:
SF:D:\TFSDelta\DataVINE CE\public\js\controllers\createApplicationGroupCtrl.js
FN:1,(anonymous_1)
FN:7,(anonymous_2)
FN:16,(anonymous_3)
FN:23,(anonymous_4)
FN:27,(anonymous_5)
FN:28,(anonymous_6)
FN:39,(anonymous_7)
FN:42,(anonymous_8)
FNF:8
FNH:8
FNDA:1,(anonymous_1)
FNDA:10,(anonymous_2)
FNDA:4,(anonymous_3)
FNDA:1,(anonymous_4)
FNDA:3,(anonymous_5)
FNDA:3,(anonymous_6)
FNDA:1,(anonymous_7)
FNDA:1,(anonymous_8)
DA:1,1
DA:5,1
DA:8,10
DA:9,10
DA:10,10
DA:11,10
DA:12,10
DA:13,10
DA:14,10
DA:15,10
DA:16,10
DA:17,4
DA:18,4
DA:19,4
DA:20,4
DA:21,4
DA:23,10
DA:24,1
DA:25,1
DA:27,10
DA:28,3
DA:29,3
DA:30,1
DA:31,1
DA:33,2
DA:34,2
DA:39,10
DA:40,1
DA:42,10
DA:43,1
LF:30
LH:30
BRDA:9,1,0,10
BRDA:9,1,1,0
BRDA:29,2,0,1
BRDA:29,2,1,2
BRF:4
BRH:3
end_of_record
TN:
SF:D:\TFSDelta\DataVINE CE\public\js\controllers\dataVINENetworkStatisticsCtrl.js
FN:1,(anonymous_1)
FN:6,(anonymous_2)
FN:7,(anonymous_3)
FNF:3
FNH:3
FNDA:1,(anonymous_1)
FNDA:1,(anonymous_2)
FNDA:1,(anonymous_3)
DA:1,1
DA:5,1
DA:7,1
DA:8,1
LF:4
LH:4
BRF:0
BRH:0
end_of_record
TN:
SF:D:\TFSDelta\DataVINE CE\public\js\controllers\dataVINEServerHealthDetailsCtrl.js
FN:1,(anonymous_1)
FN:6,(anonymous_2)
FN:7,(anonymous_3)
FNF:3
FNH:3
FNDA:1,(anonymous_1)
FNDA:1,(anonymous_2)
FNDA:1,(anonymous_3)
DA:1,1
DA:5,1
DA:7,1
DA:8,1
LF:4
LH:4
BRF:0
BRH:0
end_of_record
TN:
SF:D:\TFSDelta\DataVINE CE\public\js\controllers\dataVineHealthCtrl.js
FN:1,(anonymous_1)
FN:6,(anonymous_2)
FNF:2
FNH:2
FNDA:1,(anonymous_1)
FNDA:1,(anonymous_2)
DA:1,1
DA:5,1
DA:7,1
LF:3
LH:3
BRF:0
BRH:0
end_of_record
TN:
SF:D:\TFSDelta\DataVINE CE\public\js\controllers\dataVineHealth_reportsCtrl.js
FN:1,(anonymous_1)
FN:6,(anonymous_2)
FN:14,(anonymous_3)
FN:17,(anonymous_4)
FN:22,init
FN:25,(anonymous_6)
FN:76,(anonymous_7)
FN:81,(anonymous_8)
FN:86,(anonymous_9)
FN:89,(anonymous_10)
FNF:10
FNH:9
FNDA:1,(anonymous_1)
FNDA:8,(anonymous_2)
FNDA:1,(anonymous_3)
FNDA:1,(anonymous_4)
FNDA:8,init
FNDA:1,(anonymous_6)
FNDA:1,(anonymous_7)
FNDA:1,(anonymous_8)
FNDA:1,(anonymous_9)
FNDA:0,(anonymous_10)
DA:1,1
DA:5,1
DA:7,8
DA:8,8
DA:9,8
DA:10,8
DA:11,8
DA:15,1
DA:18,1
DA:22,1
DA:23,8
DA:24,8
DA:25,8
DA:26,1
DA:27,1
DA:28,1
DA:29,1
DA:30,1
DA:31,1
DA:32,1
DA:33,1
DA:34,1
DA:35,1
DA:36,1
DA:37,1
DA:40,1
DA:44,8
DA:63,8
DA:64,8
DA:65,8
DA:73,8
DA:76,8
DA:77,1
DA:78,1
DA:81,8
DA:82,1
DA:83,1
DA:86,8
DA:87,1
DA:89,8
DA:90,0
DA:91,0
DA:92,0
DA:93,0
DA:96,0
DA:97,0
DA:101,0
DA:102,0
DA:104,0
DA:105,0
DA:106,0
DA:110,0
LF:52
LH:40
BRDA:26,1,0,1
BRDA:26,1,1,0
BRDA:28,2,0,1
BRDA:28,2,1,0
BRDA:90,3,0,0
BRDA:90,3,1,0
BRDA:91,4,0,0
BRDA:91,4,1,0
BRDA:104,5,0,0
BRDA:104,5,1,0
BRDA:110,6,0,0
BRDA:110,6,1,0
BRF:12
BRH:2
end_of_record
TN:
SF:D:\TFSDelta\DataVINE CE\public\js\controllers\dateCommonCtrl.js
FN:1,(anonymous_1)
FN:6,(anonymous_2)
FN:13,(anonymous_3)
FN:17,(anonymous_4)
FN:21,(anonymous_5)
FN:49,getDayClass
FN:74,(anonymous_7)
FN:77,(anonymous_8)
FN:87,(anonymous_9)
FN:93,(anonymous_10)
FN:99,(anonymous_11)
FN:109,(anonymous_12)
FN:123,(anonymous_13)
FNF:13
FNH:12
FNDA:1,(anonymous_1)
FNDA:222,(anonymous_2)
FNDA:10,(anonymous_3)
FNDA:10,(anonymous_4)
FNDA:12,(anonymous_5)
FNDA:0,getDayClass
FNDA:8,(anonymous_7)
FNDA:33,(anonymous_8)
FNDA:9,(anonymous_9)
FNDA:10,(anonymous_10)
FNDA:32,(anonymous_11)
FNDA:18,(anonymous_12)
FNDA:19,(anonymous_13)
DA:1,1
DA:5,1
DA:7,222
DA:13,222
DA:14,10
DA:17,222
DA:18,10
DA:21,222
DA:22,12
DA:23,12
DA:26,222
DA:30,222
DA:34,222
DA:35,222
DA:36,222
DA:37,222
DA:38,222
DA:49,1
DA:50,0
DA:52,0
DA:53,0
DA:55,0
DA:56,0
DA:58,0
DA:59,0
DA:64,0
DA:66,222
DA:70,222
DA:71,222
DA:73,222
DA:74,222
DA:75,8
DA:77,222
DA:78,33
DA:79,10
DA:82,23
DA:83,23
DA:87,222
DA:88,9
DA:89,9
DA:90,9
DA:92,222
DA:93,222
DA:94,10
DA:95,10
DA:96,10
DA:99,222
DA:100,32
DA:101,9
DA:104,23
DA:105,23
DA:109,222
DA:110,18
DA:111,18
DA:112,8
DA:113,8
DA:114,8
DA:117,10
DA:118,10
DA:122,222
DA:123,222
DA:124,19
DA:125,19
DA:126,9
DA:127,9
DA:128,9
DA:131,10
DA:132,10
LF:68
LH:60
BRDA:52,1,0,0
BRDA:52,1,1,0
BRDA:58,2,0,0
BRDA:58,2,1,0
BRDA:78,3,0,10
BRDA:78,3,1,23
BRDA:100,4,0,9
BRDA:100,4,1,23
BRDA:111,5,0,8
BRDA:111,5,1,10
BRDA:125,6,0,9
BRDA:125,6,1,10
BRF:12
BRH:8
end_of_record
TN:
SF:D:\TFSDelta\DataVINE CE\public\js\controllers\defineUsersCtrl.js
FN:1,(anonymous_1)
FN:6,(anonymous_2)
FN:14,(anonymous_3)
FN:36,init
FN:38,(anonymous_5)
FN:72,(anonymous_6)
FN:75,(anonymous_7)
FN:80,(anonymous_8)
FN:87,(anonymous_9)
FN:93,(anonymous_10)
FN:101,(anonymous_11)
FN:104,(anonymous_12)
FN:107,(anonymous_13)
FN:110,(anonymous_14)
FN:119,(anonymous_15)
FN:127,(anonymous_16)
FN:130,(anonymous_17)
FN:133,(anonymous_18)
FN:136,(anonymous_19)
FN:142,(anonymous_20)
FN:149,(anonymous_21)
FN:151,(anonymous_22)
FN:164,(anonymous_23)
FN:173,(anonymous_24)
FN:176,(anonymous_25)
FN:184,(anonymous_26)
FN:196,(anonymous_27)
FNF:27
FNH:23
FNDA:1,(anonymous_1)
FNDA:13,(anonymous_2)
FNDA:5,(anonymous_3)
FNDA:13,init
FNDA:5,(anonymous_5)
FNDA:1,(anonymous_6)
FNDA:1,(anonymous_7)
FNDA:1,(anonymous_8)
FNDA:0,(anonymous_9)
FNDA:1,(anonymous_10)
FNDA:1,(anonymous_11)
FNDA:1,(anonymous_12)
FNDA:0,(anonymous_13)
FNDA:1,(anonymous_14)
FNDA:1,(anonymous_15)
FNDA:1,(anonymous_16)
FNDA:1,(anonymous_17)
FNDA:0,(anonymous_18)
FNDA:1,(anonymous_19)
FNDA:2,(anonymous_20)
FNDA:2,(anonymous_21)
FNDA:2,(anonymous_22)
FNDA:2,(anonymous_23)
FNDA:2,(anonymous_24)
FNDA:0,(anonymous_25)
FNDA:2,(anonymous_26)
FNDA:1,(anonymous_27)
DA:1,1
DA:5,1
DA:7,13
DA:8,13
DA:9,13
DA:10,13
DA:11,13
DA:12,13
DA:13,13
DA:14,13
DA:15,5
DA:16,0
DA:18,5
DA:19,0
DA:21,5
DA:26,13
DA:36,1
DA:38,13
DA:39,5
DA:40,5
DA:41,5
DA:42,5
DA:43,5
DA:44,5
DA:45,5
DA:46,5
DA:47,5
DA:48,5
DA:49,5
DA:50,5
DA:51,5
DA:52,5
DA:53,5
DA:54,5
DA:55,5
DA:57,5
DA:58,5
DA:59,5
DA:60,5
DA:67,13
DA:68,13
DA:69,13
DA:73,1
DA:76,1
DA:80,13
DA:81,1
DA:82,1
DA:83,0
DA:85,1
DA:87,1
DA:88,0
DA:90,1
DA:93,13
DA:94,1
DA:102,1
DA:105,1
DA:108,0
DA:111,1
DA:119,13
DA:120,1
DA:128,1
DA:131,1
DA:134,0
DA:137,1
DA:142,13
DA:143,2
DA:150,2
DA:151,2
DA:152,2
DA:153,1
DA:155,1
DA:157,2
DA:164,13
DA:165,2
DA:166,2
DA:167,2
DA:174,2
DA:175,2
DA:176,0
DA:177,0
DA:184,2
DA:185,2
DA:186,1
DA:187,1
DA:189,1
DA:196,13
DA:197,1
LF:87
LH:79
BRDA:15,1,0,0
BRDA:15,1,1,5
BRDA:18,2,0,0
BRDA:18,2,1,5
BRDA:40,3,0,5
BRDA:40,3,1,0
BRDA:40,4,0,5
BRDA:40,4,1,5
BRDA:42,5,0,5
BRDA:42,5,1,0
BRDA:47,6,0,0
BRDA:47,6,1,5
BRDA:82,7,0,0
BRDA:82,7,1,1
BRDA:150,8,0,2
BRDA:150,8,1,0
BRDA:152,9,0,1
BRDA:152,9,1,1
BRDA:152,10,0,2
BRDA:152,10,1,2
BRDA:174,11,0,2
BRDA:174,11,1,0
BRDA:175,12,0,0
BRDA:175,12,1,2
BRDA:185,13,0,1
BRDA:185,13,1,1
BRDA:185,14,0,2
BRDA:185,14,1,2
BRF:28
BRH:19
end_of_record
TN:
SF:D:\TFSDelta\DataVINE CE\public\js\controllers\demandSettingsCtrl.js
FN:1,(anonymous_1)
FN:6,(anonymous_2)
FN:8,(anonymous_3)
FNF:3
FNH:3
FNDA:1,(anonymous_1)
FNDA:1,(anonymous_2)
FNDA:1,(anonymous_3)
DA:1,1
DA:5,1
DA:7,1
DA:8,1
LF:4
LH:4
BRF:0
BRH:0
end_of_record
TN:
SF:D:\TFSDelta\DataVINE CE\public\js\controllers\deviceFirmwareVersionsCtrl.js
FN:1,(anonymous_1)
FN:6,(anonymous_2)
FN:12,(anonymous_3)
FN:15,(anonymous_4)
FN:19,(anonymous_5)
FN:39,(anonymous_6)
FNF:6
FNH:5
FNDA:1,(anonymous_1)
FNDA:4,(anonymous_2)
FNDA:1,(anonymous_3)
FNDA:1,(anonymous_4)
FNDA:0,(anonymous_5)
FNDA:1,(anonymous_6)
DA:1,1
DA:5,1
DA:7,4
DA:8,4
DA:9,4
DA:13,1
DA:16,1
DA:19,4
DA:22,4
DA:23,4
DA:24,4
DA:25,4
DA:39,4
DA:40,1
LF:14
LH:14
BRF:0
BRH:0
end_of_record
TN:
SF:D:\TFSDelta\DataVINE CE\public\js\controllers\deviceManagementCtrl.js
FN:1,(anonymous_1)
FN:6,(anonymous_2)
FNF:2
FNH:2
FNDA:1,(anonymous_1)
FNDA:1,(anonymous_2)
DA:1,1
DA:5,1
DA:7,1
DA:9,1
LF:4
LH:4
BRDA:7,1,0,1
BRDA:7,1,1,0
BRDA:7,2,0,1
BRDA:7,2,1,1
BRF:4
BRH:3
end_of_record
TN:
SF:D:\TFSDelta\DataVINE CE\public\js\controllers\downloadConfigurationCtrl.js
FN:1,(anonymous_1)
FN:6,(anonymous_2)
FN:13,init
FN:16,(anonymous_4)
FN:46,(anonymous_5)
FN:50,(anonymous_6)
FN:59,(anonymous_7)
FN:70,(anonymous_8)
FN:77,(anonymous_9)
FN:79,(anonymous_10)
FNF:10
FNH:9
FNDA:1,(anonymous_1)
FNDA:3,(anonymous_2)
FNDA:3,init
FNDA:3,(anonymous_4)
FNDA:1,(anonymous_5)
FNDA:1,(anonymous_6)
FNDA:1,(anonymous_7)
FNDA:1,(anonymous_8)
FNDA:0,(anonymous_9)
FNDA:1,(anonymous_10)
DA:1,1
DA:5,1
DA:7,3
DA:8,3
DA:9,3
DA:10,3
DA:11,3
DA:12,3
DA:13,1
DA:14,3
DA:15,3
DA:16,3
DA:17,3
DA:18,3
DA:19,3
DA:20,3
DA:28,3
DA:29,3
DA:30,3
DA:31,3
DA:32,3
DA:33,3
DA:34,3
DA:35,3
DA:36,3
DA:40,3
DA:45,3
DA:46,3
DA:47,1
DA:48,1
DA:49,1
DA:50,1
DA:51,1
DA:52,1
DA:53,1
DA:55,1
DA:59,3
DA:60,1
DA:61,1
DA:62,1
DA:63,1
DA:64,1
DA:65,1
DA:70,1
DA:71,1
DA:72,1
DA:74,1
DA:77,3
DA:79,3
DA:80,1
LF:50
LH:50
BRDA:17,1,0,3
BRDA:17,1,1,0
BRDA:17,2,0,3
BRDA:17,2,1,3
BRDA:19,3,0,3
BRDA:19,3,1,0
BRDA:28,4,0,3
BRDA:28,4,1,0
BRDA:28,5,0,3
BRDA:28,5,1,3
BRDA:30,6,0,3
BRDA:30,6,1,0
BRDA:34,7,0,0
BRDA:34,7,1,3
BRDA:35,8,0,3
BRDA:35,8,1,0
BRDA:35,9,0,3
BRDA:35,9,1,3
BRDA:48,10,0,1
BRDA:48,10,1,0
BRDA:48,11,0,1
BRDA:48,11,1,0
BRDA:63,12,0,1
BRDA:63,12,1,0
BRDA:71,13,0,1
BRDA:71,13,1,0
BRF:26
BRH:16
end_of_record
TN:
SF:D:\TFSDelta\DataVINE CE\public\js\controllers\downloadConfiguration_meterCtrl.js
FN:1,(anonymous_1)
FN:6,(anonymous_2)
FN:13,init
FN:16,(anonymous_4)
FN:45,(anonymous_5)
FN:49,(anonymous_6)
FN:59,(anonymous_7)
FN:70,(anonymous_8)
FN:79,(anonymous_9)
FN:81,(anonymous_10)
FNF:10
FNH:9
FNDA:1,(anonymous_1)
FNDA:4,(anonymous_2)
FNDA:4,init
FNDA:4,(anonymous_4)
FNDA:1,(anonymous_5)
FNDA:1,(anonymous_6)
FNDA:2,(anonymous_7)
FNDA:2,(anonymous_8)
FNDA:0,(anonymous_9)
FNDA:2,(anonymous_10)
DA:1,1
DA:5,1
DA:7,4
DA:8,4
DA:9,4
DA:10,4
DA:11,4
DA:12,4
DA:13,1
DA:14,4
DA:15,4
DA:16,4
DA:17,4
DA:18,4
DA:19,4
DA:20,4
DA:28,4
DA:29,4
DA:30,4
DA:31,4
DA:32,4
DA:33,4
DA:34,4
DA:35,4
DA:36,4
DA:40,4
DA:44,4
DA:45,4
DA:46,1
DA:47,1
DA:48,1
DA:49,1
DA:50,1
DA:52,1
DA:53,1
DA:55,1
DA:59,4
DA:60,2
DA:61,2
DA:62,2
DA:63,2
DA:64,2
DA:65,2
DA:70,2
DA:71,2
DA:72,1
DA:74,1
DA:76,2
DA:79,4
DA:81,4
DA:82,2
LF:51
LH:51
BRDA:17,1,0,4
BRDA:17,1,1,0
BRDA:17,2,0,4
BRDA:17,2,1,4
BRDA:19,3,0,4
BRDA:19,3,1,0
BRDA:28,4,0,4
BRDA:28,4,1,0
BRDA:28,5,0,4
BRDA:28,5,1,4
BRDA:30,6,0,4
BRDA:30,6,1,0
BRDA:34,7,0,0
BRDA:34,7,1,4
BRDA:35,8,0,4
BRDA:35,8,1,0
BRDA:35,9,0,4
BRDA:35,9,1,4
BRDA:47,10,0,1
BRDA:47,10,1,0
BRDA:47,11,0,1
BRDA:47,11,1,0
BRDA:63,12,0,2
BRDA:63,12,1,0
BRDA:71,13,0,1
BRDA:71,13,1,1
BRDA:71,14,0,2
BRDA:71,14,1,2
BRF:28
BRH:19
end_of_record
TN:
SF:D:\TFSDelta\DataVINE CE\public\js\controllers\editConfigGroupCtrl.js
FN:1,(anonymous_1)
FN:6,(anonymous_2)
FN:7,(anonymous_3)
FN:16,(anonymous_4)
FN:46,init
FN:48,(anonymous_6)
FN:62,loadData
FN:63,(anonymous_8)
FN:73,(anonymous_9)
FN:74,(anonymous_10)
FN:153,(anonymous_11)
FN:157,(anonymous_12)
FN:161,(anonymous_13)
FN:165,(anonymous_14)
FN:171,(anonymous_15)
FNF:15
FNH:11
FNDA:1,(anonymous_1)
FNDA:4,(anonymous_2)
FNDA:0,(anonymous_3)
FNDA:0,(anonymous_4)
FNDA:4,init
FNDA:3,(anonymous_6)
FNDA:3,loadData
FNDA:3,(anonymous_8)
FNDA:3,(anonymous_9)
FNDA:3,(anonymous_10)
FNDA:0,(anonymous_11)
FNDA:0,(anonymous_12)
FNDA:1,(anonymous_13)
FNDA:2,(anonymous_14)
FNDA:2,(anonymous_15)
DA:1,1
DA:5,1
DA:7,4
DA:8,0
DA:9,0
DA:17,0
DA:18,0
DA:23,0
DA:24,0
DA:27,4
DA:28,4
DA:29,4
DA:30,4
DA:31,4
DA:32,4
DA:33,4
DA:34,4
DA:35,4
DA:36,4
DA:37,4
DA:38,4
DA:39,4
DA:40,4
DA:41,4
DA:42,4
DA:43,4
DA:44,4
DA:46,1
DA:47,4
DA:48,4
DA:49,3
DA:50,3
DA:51,3
DA:52,3
DA:55,3
DA:58,3
DA:62,1
DA:63,3
DA:64,3
DA:65,3
DA:67,3
DA:68,3
DA:69,3
DA:73,4
DA:74,3
DA:75,3
DA:76,3
DA:77,3
DA:78,3
DA:79,3
DA:80,3
DA:81,3
DA:82,3
DA:83,3
DA:84,3
DA:85,3
DA:86,3
DA:87,3
DA:88,3
DA:89,3
DA:90,3
DA:91,3
DA:92,3
DA:93,3
DA:94,3
DA:95,3
DA:96,3
DA:97,3
DA:98,3
DA:99,3
DA:100,3
DA:101,3
DA:102,3
DA:103,3
DA:104,3
DA:105,3
DA:107,3
DA:108,3
DA:109,3
DA:110,3
DA:111,3
DA:112,3
DA:113,3
DA:114,3
DA:115,3
DA:116,3
DA:117,3
DA:118,3
DA:119,3
DA:120,3
DA:121,3
DA:122,3
DA:123,3
DA:124,3
DA:125,3
DA:126,3
DA:127,3
DA:128,3
DA:129,3
DA:131,3
DA:132,3
DA:133,3
DA:134,3
DA:135,3
DA:136,3
DA:137,3
DA:138,3
DA:139,3
DA:140,3
DA:141,3
DA:142,3
DA:143,3
DA:144,3
DA:146,0
DA:147,0
DA:148,0
DA:153,4
DA:154,0
DA:157,4
DA:158,0
DA:161,4
DA:162,1
DA:163,1
DA:165,4
DA:166,2
DA:171,2
DA:172,2
DA:173,1
DA:174,1
DA:176,1
DA:178,2
LF:131
LH:120
BRDA:8,1,0,0
BRDA:8,1,1,0
BRDA:17,2,0,0
BRDA:17,2,1,0
BRDA:49,3,0,3
BRDA:49,3,1,0
BRDA:49,4,0,3
BRDA:49,4,1,3
BRDA:51,5,0,3
BRDA:51,5,1,0
BRDA:64,6,0,3
BRDA:64,6,1,0
BRDA:75,7,0,3
BRDA:75,7,1,0
BRDA:75,8,0,3
BRDA:75,8,1,3
BRDA:107,9,0,3
BRDA:107,9,1,0
BRDA:108,10,0,3
BRDA:108,10,1,0
BRDA:109,11,0,3
BRDA:109,11,1,0
BRDA:110,12,0,3
BRDA:110,12,1,0
BRDA:111,13,0,3
BRDA:111,13,1,0
BRDA:112,14,0,3
BRDA:112,14,1,0
BRDA:113,15,0,3
BRDA:113,15,1,0
BRDA:114,16,0,3
BRDA:114,16,1,0
BRDA:115,17,0,3
BRDA:115,17,1,0
BRDA:116,18,0,3
BRDA:116,18,1,0
BRDA:118,19,0,3
BRDA:118,19,1,0
BRDA:119,20,0,3
BRDA:119,20,1,0
BRDA:120,21,0,3
BRDA:120,21,1,0
BRDA:121,22,0,3
BRDA:121,22,1,0
BRDA:122,23,0,3
BRDA:122,23,1,0
BRDA:123,24,0,3
BRDA:123,24,1,0
BRDA:124,25,0,3
BRDA:124,25,1,0
BRDA:125,26,0,3
BRDA:125,26,1,0
BRDA:126,27,0,3
BRDA:126,27,1,0
BRDA:127,28,0,3
BRDA:127,28,1,0
BRDA:128,29,0,3
BRDA:128,29,1,0
BRDA:129,30,0,3
BRDA:129,30,1,0
BRDA:131,31,0,3
BRDA:131,31,1,0
BRDA:172,32,0,1
BRDA:172,32,1,1
BRDA:172,33,0,2
BRDA:172,33,1,2
BRF:66
BRH:35
end_of_record
TN:
SF:D:\TFSDelta\DataVINE CE\public\js\controllers\editHyperSproutOrMeterCtrl.js
FN:1,(anonymous_1)
FN:6,(anonymous_2)
FN:30,(anonymous_3)
FN:37,(anonymous_4)
FN:40,init
FN:41,(anonymous_6)
FN:144,(anonymous_7)
FN:146,(anonymous_8)
FN:151,(anonymous_9)
FN:153,(anonymous_10)
FN:157,(anonymous_11)
FN:159,(anonymous_12)
FN:164,(anonymous_13)
FN:223,(anonymous_14)
FN:235,(anonymous_15)
FN:244,(anonymous_16)
FNF:16
FNH:12
FNDA:1,(anonymous_1)
FNDA:13,(anonymous_2)
FNDA:4,(anonymous_3)
FNDA:4,(anonymous_4)
FNDA:13,init
FNDA:3,(anonymous_6)
FNDA:0,(anonymous_7)
FNDA:0,(anonymous_8)
FNDA:1,(anonymous_9)
FNDA:1,(anonymous_10)
FNDA:1,(anonymous_11)
FNDA:1,(anonymous_12)
FNDA:2,(anonymous_13)
FNDA:2,(anonymous_14)
FNDA:0,(anonymous_15)
FNDA:0,(anonymous_16)
DA:1,1
DA:5,1
DA:7,13
DA:8,13
DA:9,13
DA:10,13
DA:11,13
DA:12,13
DA:13,13
DA:14,13
DA:15,13
DA:16,13
DA:17,13
DA:18,13
DA:19,13
DA:20,13
DA:21,13
DA:22,13
DA:23,13
DA:24,13
DA:25,13
DA:26,13
DA:27,13
DA:28,13
DA:29,13
DA:30,13
DA:31,4
DA:32,4
DA:33,4
DA:34,4
DA:35,4
DA:37,13
DA:38,4
DA:40,1
DA:41,13
DA:42,3
DA:43,3
DA:44,3
DA:45,3
DA:46,3
DA:49,3
DA:51,3
DA:53,3
DA:55,3
DA:57,3
DA:59,3
DA:61,3
DA:64,3
DA:65,3
DA:66,3
DA:67,3
DA:68,3
DA:69,3
DA:70,3
DA:71,3
DA:72,3
DA:73,3
DA:74,3
DA:75,3
DA:76,3
DA:77,3
DA:79,3
DA:80,3
DA:82,3
DA:84,3
DA:85,3
DA:87,3
DA:89,3
DA:91,3
DA:92,3
DA:93,3
DA:94,3
DA:95,3
DA:96,3
DA:97,3
DA:98,3
DA:99,3
DA:100,3
DA:101,3
DA:102,3
DA:103,3
DA:104,3
DA:106,3
DA:108,3
DA:110,3
DA:112,3
DA:113,3
DA:114,3
DA:115,3
DA:116,3
DA:117,0
DA:118,0
DA:119,0
DA:122,3
DA:123,3
DA:124,3
DA:125,3
DA:126,3
DA:127,3
DA:128,3
DA:129,3
DA:130,3
DA:131,3
DA:132,3
DA:133,3
DA:134,3
DA:144,13
DA:145,0
DA:146,0
DA:147,0
DA:151,13
DA:152,1
DA:153,1
DA:154,1
DA:157,13
DA:158,1
DA:159,1
DA:160,1
DA:164,13
DA:165,2
DA:167,2
DA:168,2
DA:169,2
DA:170,2
DA:171,2
DA:172,2
DA:173,2
DA:174,2
DA:175,2
DA:176,2
DA:177,2
DA:178,2
DA:179,2
DA:180,2
DA:181,2
DA:182,2
DA:183,2
DA:184,2
DA:185,2
DA:186,2
DA:187,2
DA:188,2
DA:189,2
DA:190,2
DA:191,2
DA:192,2
DA:193,2
DA:194,2
DA:195,2
DA:196,2
DA:197,2
DA:198,2
DA:199,2
DA:200,2
DA:201,2
DA:202,2
DA:203,2
DA:204,2
DA:205,2
DA:207,2
DA:208,0
DA:209,0
DA:211,2
DA:212,2
DA:213,2
DA:214,2
DA:215,2
DA:216,2
DA:217,2
DA:221,2
DA:222,2
DA:223,2
DA:224,2
DA:225,2
DA:227,2
DA:228,2
DA:232,13
DA:235,13
DA:236,0
DA:237,0
DA:245,0
DA:246,0
DA:252,0
DA:253,0
LF:184
LH:170
BRDA:42,1,0,3
BRDA:42,1,1,0
BRDA:42,2,0,3
BRDA:42,2,1,3
BRDA:65,3,0,3
BRDA:65,3,1,0
BRDA:76,4,0,3
BRDA:76,4,1,0
BRDA:77,5,0,3
BRDA:77,5,1,0
BRDA:79,6,0,3
BRDA:79,6,1,0
BRDA:80,7,0,3
BRDA:80,7,1,0
BRDA:82,8,0,3
BRDA:82,8,1,0
BRDA:84,9,0,3
BRDA:84,9,1,0
BRDA:85,10,0,3
BRDA:85,10,1,0
BRDA:87,11,0,3
BRDA:87,11,1,0
BRDA:89,12,0,3
BRDA:89,12,1,0
BRDA:94,13,0,3
BRDA:94,13,1,0
BRDA:101,14,0,3
BRDA:101,14,1,0
BRDA:102,15,0,3
BRDA:102,15,1,0
BRDA:103,16,0,3
BRDA:103,16,1,0
BRDA:104,17,0,3
BRDA:104,17,1,0
BRDA:106,18,0,3
BRDA:106,18,1,0
BRDA:108,19,0,3
BRDA:108,19,1,0
BRDA:110,20,0,3
BRDA:110,20,1,0
BRDA:112,21,0,3
BRDA:112,21,1,0
BRDA:113,22,0,3
BRDA:113,22,1,0
BRDA:114,23,0,3
BRDA:114,23,1,0
BRDA:115,24,0,3
BRDA:115,24,1,0
BRDA:116,25,0,0
BRDA:116,25,1,3
BRDA:185,26,0,0
BRDA:185,26,1,2
BRDA:186,27,0,0
BRDA:186,27,1,2
BRDA:187,28,0,0
BRDA:187,28,1,2
BRDA:188,29,0,0
BRDA:188,29,1,2
BRDA:189,30,0,0
BRDA:189,30,1,2
BRDA:190,31,0,0
BRDA:190,31,1,2
BRDA:191,32,0,0
BRDA:191,32,1,2
BRDA:192,33,0,0
BRDA:192,33,1,2
BRDA:193,34,0,0
BRDA:193,34,1,2
BRDA:194,35,0,0
BRDA:194,35,1,2
BRDA:195,36,0,0
BRDA:195,36,1,2
BRDA:196,37,0,0
BRDA:196,37,1,2
BRDA:197,38,0,0
BRDA:197,38,1,2
BRDA:198,39,0,0
BRDA:198,39,1,2
BRDA:199,40,0,0
BRDA:199,40,1,2
BRDA:200,41,0,0
BRDA:200,41,1,2
BRDA:201,42,0,0
BRDA:201,42,1,2
BRDA:202,43,0,0
BRDA:202,43,1,2
BRDA:203,44,0,0
BRDA:203,44,1,2
BRDA:204,45,0,0
BRDA:204,45,1,2
BRDA:205,46,0,0
BRDA:205,46,1,2
BRDA:207,47,0,0
BRDA:207,47,1,2
BRDA:224,48,0,2
BRDA:224,48,1,0
BRDA:236,49,0,0
BRDA:236,49,1,0
BRDA:245,50,0,0
BRDA:245,50,1,0
BRF:100
BRH:49
end_of_record
TN:
SF:D:\TFSDelta\DataVINE CE\public\js\controllers\endpointDetailsCtrl.js
FN:1,(anonymous_1)
FN:6,(anonymous_2)
FN:7,(anonymous_3)
FNF:3
FNH:3
FNDA:1,(anonymous_1)
FNDA:1,(anonymous_2)
FNDA:1,(anonymous_3)
DA:1,1
DA:5,1
DA:7,1
DA:8,1
LF:4
LH:4
BRF:0
BRH:0
end_of_record
TN:
SF:D:\TFSDelta\DataVINE CE\public\js\controllers\endpointRegistrationCtrl.js
FN:2,(anonymous_1)
FN:7,(anonymous_2)
FN:12,(anonymous_3)
FN:37,(anonymous_4)
FN:41,initEndpointDetails
FN:43,(anonymous_6)
FN:48,(anonymous_7)
FN:58,(anonymous_8)
FN:64,(anonymous_9)
FN:67,(anonymous_10)
FN:69,(anonymous_11)
FN:80,(anonymous_12)
FN:90,(anonymous_13)
FN:94,(anonymous_14)
FN:96,(anonymous_15)
FN:100,(anonymous_16)
FN:109,(anonymous_17)
FN:119,(anonymous_18)
FN:127,(anonymous_19)
FNF:19
FNH:12
FNDA:1,(anonymous_1)
FNDA:5,(anonymous_2)
FNDA:3,(anonymous_3)
FNDA:0,(anonymous_4)
FNDA:5,initEndpointDetails
FNDA:5,(anonymous_6)
FNDA:2,(anonymous_7)
FNDA:2,(anonymous_8)
FNDA:0,(anonymous_9)
FNDA:0,(anonymous_10)
FNDA:0,(anonymous_11)
FNDA:1,(anonymous_12)
FNDA:1,(anonymous_13)
FNDA:0,(anonymous_14)
FNDA:0,(anonymous_15)
FNDA:2,(anonymous_16)
FNDA:2,(anonymous_17)
FNDA:2,(anonymous_18)
FNDA:0,(anonymous_19)
DA:2,1
DA:6,1
DA:8,5
DA:9,5
DA:10,5
DA:11,5
DA:12,5
DA:13,3
DA:14,3
DA:15,3
DA:16,30
DA:17,30
DA:18,30
DA:19,30
DA:22,3
DA:24,5
DA:25,5
DA:26,5
DA:37,5
DA:38,0
DA:39,0
DA:41,1
DA:42,5
DA:43,5
DA:44,5
DA:45,5
DA:48,5
DA:49,2
DA:50,2
DA:51,2
DA:59,2
DA:64,5
DA:65,0
DA:68,0
DA:69,0
DA:70,0
DA:80,5
DA:81,1
DA:82,1
DA:83,1
DA:91,1
DA:95,0
DA:97,0
DA:100,5
DA:101,2
DA:110,2
DA:111,2
DA:112,2
DA:113,1
DA:115,1
DA:116,2
DA:119,2
DA:120,2
DA:121,2
DA:122,2
DA:127,5
DA:128,0
LF:57
LH:48
BRDA:14,1,0,3
BRDA:14,1,1,0
BRDA:49,2,0,1
BRDA:49,2,1,1
BRDA:110,3,0,2
BRDA:110,3,1,0
BRDA:112,4,0,1
BRDA:112,4,1,1
BRF:8
BRH:6
end_of_record
TN:
SF:D:\TFSDelta\DataVINE CE\public\js\controllers\enterFirmwareDownloadCtrl.js
FN:1,(anonymous_1)
FN:6,(anonymous_2)
FN:9,(anonymous_3)
FN:13,(anonymous_4)
FN:16,(anonymous_5)
FN:25,(anonymous_6)
FN:26,(anonymous_7)
FNF:7
FNH:7
FNDA:1,(anonymous_1)
FNDA:5,(anonymous_2)
FNDA:3,(anonymous_3)
FNDA:1,(anonymous_4)
FNDA:1,(anonymous_5)
FNDA:2,(anonymous_6)
FNDA:2,(anonymous_7)
DA:1,1
DA:5,1
DA:7,5
DA:8,5
DA:9,5
DA:10,3
DA:11,3
DA:13,5
DA:14,1
DA:16,5
DA:17,1
DA:25,5
DA:26,2
DA:27,2
DA:28,1
DA:30,1
DA:32,2
LF:17
LH:17
BRDA:27,1,0,1
BRDA:27,1,1,1
BRF:2
BRH:2
end_of_record
TN:
SF:D:\TFSDelta\DataVINE CE\public\js\controllers\firmwareManagementCtrl.js
FN:1,(anonymous_1)
FN:6,(anonymous_2)
FN:15,(anonymous_3)
FN:18,(anonymous_4)
FN:37,init
FN:38,(anonymous_6)
FN:47,(anonymous_7)
FN:53,(anonymous_8)
FN:64,(anonymous_9)
FN:72,(anonymous_10)
FN:77,(anonymous_11)
FN:79,(anonymous_12)
FN:85,(anonymous_13)
FN:89,(anonymous_14)
FNF:14
FNH:11
FNDA:1,(anonymous_1)
FNDA:6,(anonymous_2)
FNDA:1,(anonymous_3)
FNDA:1,(anonymous_4)
FNDA:6,init
FNDA:1,(anonymous_6)
FNDA:0,(anonymous_7)
FNDA:1,(anonymous_8)
FNDA:1,(anonymous_9)
FNDA:1,(anonymous_10)
FNDA:0,(anonymous_11)
FNDA:0,(anonymous_12)
FNDA:1,(anonymous_13)
FNDA:1,(anonymous_14)
DA:1,1
DA:5,1
DA:7,6
DA:8,6
DA:9,6
DA:10,6
DA:11,6
DA:12,6
DA:16,1
DA:19,1
DA:22,6
DA:23,6
DA:24,6
DA:37,1
DA:38,6
DA:39,1
DA:40,1
DA:43,6
DA:47,6
DA:48,0
DA:49,0
DA:50,0
DA:53,6
DA:54,1
DA:61,1
DA:64,6
DA:65,1
DA:73,1
DA:77,1
DA:78,0
DA:80,0
DA:82,1
DA:85,6
DA:86,1
DA:89,6
DA:90,1
DA:97,1
LF:37
LH:32
BRDA:39,1,0,1
BRDA:39,1,1,0
BRF:2
BRH:1
end_of_record
TN:
SF:D:\TFSDelta\DataVINE CE\public\js\controllers\groupConfigurationDetailsCtrl.js
FN:1,(anonymous_1)
FN:5,(anonymous_2)
FN:7,init
FN:17,(anonymous_4)
FNF:4
FNH:4
FNDA:1,(anonymous_1)
FNDA:2,(anonymous_2)
FNDA:2,init
FNDA:1,(anonymous_4)
DA:1,1
DA:5,1
DA:6,2
DA:7,1
DA:8,2
DA:9,2
DA:10,2
DA:11,2
DA:12,2
DA:13,2
DA:17,2
DA:18,1
LF:12
LH:12
BRDA:8,1,0,2
BRDA:8,1,1,0
BRDA:10,2,0,2
BRDA:10,2,1,0
BRF:4
BRH:2
end_of_record
TN:
SF:D:\TFSDelta\DataVINE CE\public\js\controllers\groupConfigurationDetails_groupManagementCtrl.js
FN:1,(anonymous_1)
FN:5,(anonymous_2)
FN:7,init
FN:17,(anonymous_4)
FNF:4
FNH:4
FNDA:1,(anonymous_1)
FNDA:5,(anonymous_2)
FNDA:5,init
FNDA:1,(anonymous_4)
DA:1,1
DA:5,1
DA:6,5
DA:7,1
DA:8,5
DA:9,5
DA:10,5
DA:11,5
DA:12,5
DA:13,5
DA:17,5
DA:18,1
LF:12
LH:12
BRDA:8,1,0,5
BRDA:8,1,1,0
BRDA:10,2,0,1
BRDA:10,2,1,4
BRF:4
BRH:3
end_of_record
TN:
SF:D:\TFSDelta\DataVINE CE\public\js\controllers\groupManagementCtrl.js
FN:1,(anonymous_1)
FN:5,(anonymous_2)
FN:9,init
FN:11,(anonymous_4)
FN:15,(anonymous_5)
FN:37,(anonymous_6)
FN:40,(anonymous_7)
FN:45,(anonymous_8)
FN:58,(anonymous_9)
FN:67,(anonymous_10)
FN:74,(anonymous_11)
FN:80,(anonymous_12)
FN:92,(anonymous_13)
FN:101,(anonymous_14)
FN:106,(anonymous_15)
FN:108,(anonymous_16)
FN:115,(anonymous_17)
FN:119,(anonymous_18)
FN:120,(anonymous_19)
FN:129,(anonymous_20)
FN:136,(anonymous_21)
FN:139,(anonymous_22)
FN:151,(anonymous_23)
FN:159,(anonymous_24)
FN:164,(anonymous_25)
FN:172,(anonymous_26)
FNF:26
FNH:20
FNDA:1,(anonymous_1)
FNDA:16,(anonymous_2)
FNDA:16,init
FNDA:6,(anonymous_4)
FNDA:0,(anonymous_5)
FNDA:1,(anonymous_6)
FNDA:1,(anonymous_7)
FNDA:2,(anonymous_8)
FNDA:1,(anonymous_9)
FNDA:2,(anonymous_10)
FNDA:0,(anonymous_11)
FNDA:1,(anonymous_12)
FNDA:1,(anonymous_13)
FNDA:1,(anonymous_14)
FNDA:0,(anonymous_15)
FNDA:0,(anonymous_16)
FNDA:1,(anonymous_17)
FNDA:2,(anonymous_18)
FNDA:2,(anonymous_19)
FNDA:2,(anonymous_20)
FNDA:2,(anonymous_21)
FNDA:2,(anonymous_22)
FNDA:1,(anonymous_23)
FNDA:1,(anonymous_24)
FNDA:0,(anonymous_25)
FNDA:0,(anonymous_26)
DA:1,1
DA:5,1
DA:6,16
DA:7,16
DA:8,16
DA:9,1
DA:10,16
DA:11,16
DA:12,6
DA:13,6
DA:14,6
DA:15,6
DA:16,0
DA:19,16
DA:20,16
DA:21,16
DA:28,16
DA:32,16
DA:33,16
DA:34,16
DA:38,1
DA:41,1
DA:45,16
DA:46,2
DA:47,0
DA:49,2
DA:50,2
DA:59,1
DA:60,1
DA:61,0
DA:62,0
DA:64,0
DA:65,1
DA:68,2
DA:74,16
DA:75,0
DA:76,0
DA:77,0
DA:80,16
DA:81,1
DA:88,1
DA:92,16
DA:93,1
DA:94,1
DA:102,1
DA:106,1
DA:107,0
DA:109,0
DA:111,1
DA:115,16
DA:116,1
DA:119,16
DA:120,2
DA:121,2
DA:122,0
DA:124,2
DA:129,16
DA:130,2
DA:137,2
DA:138,2
DA:139,2
DA:140,2
DA:141,1
DA:143,1
DA:145,2
DA:151,16
DA:152,1
DA:160,1
DA:164,1
DA:165,0
DA:166,0
DA:167,0
DA:168,0
DA:169,0
DA:170,0
DA:173,0
LF:76
LH:58
BRDA:46,1,0,0
BRDA:46,1,1,2
BRDA:60,2,0,0
BRDA:60,2,1,1
BRDA:120,3,0,0
BRDA:120,3,1,2
BRDA:120,4,0,0
BRDA:120,4,1,2
BRDA:121,5,0,0
BRDA:121,5,1,2
BRDA:137,6,0,2
BRDA:137,6,1,0
BRDA:140,7,0,1
BRDA:140,7,1,1
BRDA:140,8,0,2
BRDA:140,8,1,2
BRDA:167,9,0,0
BRDA:167,9,1,0
BRF:18
BRH:10
end_of_record
TN:
SF:D:\TFSDelta\DataVINE CE\public\js\controllers\groupManagement_meterCtrl.js
FN:1,(anonymous_1)
FN:5,(anonymous_2)
FN:8,init
FN:10,(anonymous_4)
FN:14,(anonymous_5)
FN:37,(anonymous_6)
FN:40,(anonymous_7)
FN:45,(anonymous_8)
FN:57,(anonymous_9)
FN:66,(anonymous_10)
FN:74,(anonymous_11)
FN:80,(anonymous_12)
FN:92,(anonymous_13)
FN:101,(anonymous_14)
FN:106,(anonymous_15)
FN:108,(anonymous_16)
FN:114,(anonymous_17)
FN:116,(anonymous_18)
FN:125,(anonymous_19)
FN:132,(anonymous_20)
FN:135,(anonymous_21)
FN:147,(anonymous_22)
FN:151,(anonymous_23)
FN:159,(anonymous_24)
FN:164,(anonymous_25)
FN:171,(anonymous_26)
FNF:26
FNH:20
FNDA:1,(anonymous_1)
FNDA:16,(anonymous_2)
FNDA:16,init
FNDA:7,(anonymous_4)
FNDA:0,(anonymous_5)
FNDA:1,(anonymous_6)
FNDA:1,(anonymous_7)
FNDA:2,(anonymous_8)
FNDA:2,(anonymous_9)
FNDA:2,(anonymous_10)
FNDA:0,(anonymous_11)
FNDA:1,(anonymous_12)
FNDA:1,(anonymous_13)
FNDA:1,(anonymous_14)
FNDA:0,(anonymous_15)
FNDA:0,(anonymous_16)
FNDA:2,(anonymous_17)
FNDA:2,(anonymous_18)
FNDA:2,(anonymous_19)
FNDA:2,(anonymous_20)
FNDA:2,(anonymous_21)
FNDA:1,(anonymous_22)
FNDA:1,(anonymous_23)
FNDA:1,(anonymous_24)
FNDA:0,(anonymous_25)
FNDA:0,(anonymous_26)
DA:1,1
DA:5,1
DA:6,16
DA:7,16
DA:8,1
DA:9,16
DA:10,16
DA:11,7
DA:12,7
DA:13,7
DA:14,7
DA:15,0
DA:18,16
DA:19,16
DA:20,16
DA:27,16
DA:31,16
DA:32,16
DA:33,16
DA:34,16
DA:38,1
DA:41,1
DA:45,16
DA:46,2
DA:47,0
DA:49,2
DA:50,2
DA:58,2
DA:59,2
DA:60,1
DA:61,1
DA:63,1
DA:64,1
DA:67,2
DA:74,16
DA:75,0
DA:76,0
DA:77,0
DA:80,16
DA:81,1
DA:88,1
DA:92,16
DA:93,1
DA:94,1
DA:102,1
DA:106,1
DA:107,0
DA:109,0
DA:111,1
DA:114,16
DA:116,2
DA:117,2
DA:118,0
DA:120,2
DA:125,16
DA:126,2
DA:133,2
DA:134,2
DA:135,2
DA:136,2
DA:137,0
DA:139,2
DA:141,2
DA:147,16
DA:148,1
DA:151,16
DA:152,1
DA:160,1
DA:164,1
DA:165,0
DA:166,0
DA:167,0
DA:168,0
DA:169,0
DA:172,0
LF:75
LH:60
BRDA:46,1,0,0
BRDA:46,1,1,2
BRDA:59,2,0,1
BRDA:59,2,1,1
BRDA:116,3,0,0
BRDA:116,3,1,2
BRDA:116,4,0,0
BRDA:116,4,1,2
BRDA:117,5,0,0
BRDA:117,5,1,2
BRDA:133,6,0,2
BRDA:133,6,1,0
BRDA:136,7,0,0
BRDA:136,7,1,2
BRDA:136,8,0,2
BRDA:136,8,1,2
BRDA:166,9,0,0
BRDA:166,9,1,0
BRF:18
BRH:10
end_of_record
TN:
SF:D:\TFSDelta\DataVINE CE\public\js\controllers\groupingCtrl.js
FN:1,(anonymous_1)
FN:6,(anonymous_2)
FNF:2
FNH:2
FNDA:1,(anonymous_1)
FNDA:1,(anonymous_2)
DA:1,1
DA:5,1
DA:7,1
DA:9,1
LF:4
LH:4
BRDA:7,1,0,1
BRDA:7,1,1,0
BRDA:7,2,0,1
BRDA:7,2,1,1
BRF:4
BRH:3
end_of_record
TN:
SF:D:\TFSDelta\DataVINE CE\public\js\controllers\homeCtrl.js
FN:3,(anonymous_1)
FN:8,(anonymous_2)
FN:9,(anonymous_3)
FN:25,(anonymous_4)
FN:29,(anonymous_5)
FNF:5
FNH:1
FNDA:1,(anonymous_1)
FNDA:0,(anonymous_2)
FNDA:0,(anonymous_3)
FNDA:0,(anonymous_4)
FNDA:0,(anonymous_5)
DA:3,1
DA:7,1
DA:9,0
DA:10,0
DA:11,0
DA:12,0
DA:13,0
DA:14,0
DA:15,0
DA:16,0
DA:17,0
DA:18,0
DA:19,0
DA:20,0
DA:25,0
DA:26,0
DA:27,0
DA:29,0
DA:30,0
LF:19
LH:2
BRDA:17,1,0,0
BRDA:17,1,1,0
BRF:2
BRH:0
end_of_record
TN:
SF:D:\TFSDelta\DataVINE CE\public\js\controllers\hyperHubRegistrationCtrl.js
FN:2,(anonymous_1)
FN:7,(anonymous_2)
FN:27,(anonymous_3)
FN:32,initHyperHub
FN:34,(anonymous_5)
FN:35,(anonymous_6)
FN:41,(anonymous_7)
FN:44,(anonymous_8)
FN:46,(anonymous_9)
FN:55,(anonymous_10)
FN:64,(anonymous_11)
FN:70,(anonymous_12)
FN:79,(anonymous_13)
FN:89,(anonymous_14)
FN:97,(anonymous_15)
FN:105,(anonymous_16)
FN:109,(anonymous_17)
FN:111,(anonymous_18)
FN:115,(anonymous_19)
FNF:19
FNH:13
FNDA:1,(anonymous_1)
FNDA:6,(anonymous_2)
FNDA:0,(anonymous_3)
FNDA:8,initHyperHub
FNDA:5,(anonymous_5)
FNDA:5,(anonymous_6)
FNDA:0,(anonymous_7)
FNDA:0,(anonymous_8)
FNDA:0,(anonymous_9)
FNDA:2,(anonymous_10)
FNDA:2,(anonymous_11)
FNDA:2,(anonymous_12)
FNDA:2,(anonymous_13)
FNDA:2,(anonymous_14)
FNDA:1,(anonymous_15)
FNDA:1,(anonymous_16)
FNDA:0,(anonymous_17)
FNDA:0,(anonymous_18)
FNDA:1,(anonymous_19)
DA:2,1
DA:6,1
DA:8,6
DA:9,6
DA:10,6
DA:11,6
DA:12,6
DA:13,6
DA:14,6
DA:27,6
DA:28,0
DA:29,0
DA:32,1
DA:33,8
DA:34,8
DA:35,5
DA:36,5
DA:37,5
DA:41,6
DA:42,0
DA:45,0
DA:46,0
DA:47,0
DA:55,6
DA:56,2
DA:57,2
DA:65,2
DA:70,6
DA:71,2
DA:80,2
DA:81,2
DA:82,2
DA:83,1
DA:85,1
DA:86,2
DA:89,2
DA:90,2
DA:91,2
DA:92,2
DA:97,6
DA:98,1
DA:106,1
DA:110,0
DA:112,0
DA:115,6
DA:116,1
LF:46
LH:38
BRDA:56,1,0,1
BRDA:56,1,1,1
BRDA:80,2,0,2
BRDA:80,2,1,0
BRDA:82,3,0,1
BRDA:82,3,1,1
BRF:6
BRH:5
end_of_record
TN:
SF:D:\TFSDelta\DataVINE CE\public\js\controllers\hyperHupGroupingCtrl.js
FN:1,(anonymous_1)
FN:6,(anonymous_2)
FN:27,(anonymous_3)
FN:32,initHyperHubGrouping
FN:37,(anonymous_5)
FN:38,(anonymous_6)
FN:48,(anonymous_7)
FN:52,(anonymous_8)
FN:55,(anonymous_9)
FN:57,(anonymous_10)
FN:66,(anonymous_11)
FN:76,(anonymous_12)
FN:86,(anonymous_13)
FN:95,(anonymous_14)
FN:99,(anonymous_15)
FNF:15
FNH:10
FNDA:1,(anonymous_1)
FNDA:5,(anonymous_2)
FNDA:0,(anonymous_3)
FNDA:7,initHyperHubGrouping
FNDA:5,(anonymous_5)
FNDA:5,(anonymous_6)
FNDA:0,(anonymous_7)
FNDA:0,(anonymous_8)
FNDA:0,(anonymous_9)
FNDA:0,(anonymous_10)
FNDA:2,(anonymous_11)
FNDA:2,(anonymous_12)
FNDA:2,(anonymous_13)
FNDA:1,(anonymous_14)
FNDA:1,(anonymous_15)
DA:1,1
DA:5,1
DA:7,5
DA:8,5
DA:9,5
DA:10,5
DA:11,5
DA:12,5
DA:13,5
DA:27,5
DA:28,0
DA:29,0
DA:31,5
DA:32,1
DA:33,7
DA:34,7
DA:35,0
DA:37,7
DA:38,5
DA:39,5
DA:40,5
DA:42,5
DA:46,5
DA:48,5
DA:49,0
DA:52,5
DA:53,0
DA:56,0
DA:57,0
DA:58,0
DA:66,5
DA:68,2
DA:77,2
DA:78,2
DA:79,2
DA:80,1
DA:82,1
DA:83,2
DA:86,2
DA:87,2
DA:88,2
DA:89,2
DA:95,5
DA:96,1
DA:99,5
DA:100,1
LF:46
LH:38
BRDA:34,1,0,0
BRDA:34,1,1,7
BRDA:34,2,0,7
BRDA:34,2,1,7
BRDA:34,2,2,7
BRDA:34,2,3,7
BRDA:77,3,0,2
BRDA:77,3,1,0
BRDA:79,4,0,1
BRDA:79,4,1,1
BRF:10
BRH:8
end_of_record
TN:
SF:D:\TFSDelta\DataVINE CE\public\js\controllers\hyperSproutDownloadsCtrl.js
FN:1,(anonymous_1)
FN:5,(anonymous_2)
FN:15,(anonymous_3)
FN:34,init
FN:38,(anonymous_5)
FN:63,(anonymous_6)
FN:66,(anonymous_7)
FN:71,(anonymous_8)
FN:76,(anonymous_9)
FN:84,(anonymous_10)
FN:86,(anonymous_11)
FN:92,(anonymous_12)
FN:96,(anonymous_13)
FNF:13
FNH:10
FNDA:1,(anonymous_1)
FNDA:19,(anonymous_2)
FNDA:0,(anonymous_3)
FNDA:19,init
FNDA:1,(anonymous_5)
FNDA:1,(anonymous_6)
FNDA:1,(anonymous_7)
FNDA:1,(anonymous_8)
FNDA:1,(anonymous_9)
FNDA:0,(anonymous_10)
FNDA:0,(anonymous_11)
FNDA:1,(anonymous_12)
FNDA:1,(anonymous_13)
DA:1,1
DA:5,1
DA:6,19
DA:7,19
DA:8,19
DA:9,19
DA:10,19
DA:11,19
DA:12,19
DA:13,19
DA:14,19
DA:15,0
DA:16,0
DA:17,0
DA:20,19
DA:22,19
DA:23,19
DA:24,19
DA:34,1
DA:35,19
DA:36,19
DA:37,19
DA:38,19
DA:39,1
DA:40,1
DA:41,1
DA:42,1
DA:43,1
DA:45,1
DA:46,1
DA:47,1
DA:48,1
DA:49,1
DA:50,1
DA:51,1
DA:52,1
DA:53,1
DA:54,1
DA:56,1
DA:60,19
DA:64,1
DA:67,1
DA:71,19
DA:72,1
DA:73,1
DA:75,19
DA:76,19
DA:77,1
DA:84,1
DA:85,0
DA:87,0
DA:89,1
DA:92,19
DA:93,1
DA:96,19
DA:97,1
DA:98,0
DA:99,0
LF:58
LH:51
BRDA:13,1,0,0
BRDA:13,1,1,19
BRDA:14,2,0,0
BRDA:14,2,1,19
BRDA:39,3,0,1
BRDA:39,3,1,0
BRDA:39,4,0,1
BRDA:39,4,1,1
BRDA:42,5,0,1
BRDA:42,5,1,0
BRDA:51,6,0,1
BRDA:51,6,1,0
BRDA:52,7,0,1
BRDA:52,7,1,0
BRDA:97,8,0,0
BRDA:97,8,1,1
BRF:16
BRH:9
end_of_record
TN:
SF:D:\TFSDelta\DataVINE CE\public\js\controllers\hypersproutCommCtrl.js
FN:1,(anonymous_1)
FN:6,(anonymous_2)
FN:17,(anonymous_3)
FN:31,(anonymous_4)
FN:36,init
FN:43,(anonymous_6)
FN:62,(anonymous_7)
FN:65,(anonymous_8)
FN:70,(anonymous_9)
FN:75,(anonymous_10)
FN:81,(anonymous_11)
FN:85,(anonymous_12)
FNF:12
FNH:9
FNDA:1,(anonymous_1)
FNDA:21,(anonymous_2)
FNDA:0,(anonymous_3)
FNDA:0,(anonymous_4)
FNDA:21,init
FNDA:1,(anonymous_6)
FNDA:1,(anonymous_7)
FNDA:1,(anonymous_8)
FNDA:1,(anonymous_9)
FNDA:1,(anonymous_10)
FNDA:2,(anonymous_11)
FNDA:0,(anonymous_12)
DA:1,1
DA:5,1
DA:7,21
DA:8,21
DA:9,21
DA:10,21
DA:11,21
DA:12,0
DA:13,21
DA:14,21
DA:15,21
DA:16,21
DA:17,0
DA:18,0
DA:19,0
DA:22,21
DA:24,21
DA:25,21
DA:26,21
DA:31,21
DA:32,0
DA:33,0
DA:36,1
DA:37,21
DA:38,21
DA:39,21
DA:40,21
DA:41,21
DA:43,21
DA:44,1
DA:45,1
DA:46,1
DA:47,1
DA:48,1
DA:49,1
DA:50,1
DA:51,1
DA:54,1
DA:55,1
DA:59,21
DA:63,1
DA:66,1
DA:70,21
DA:71,1
DA:72,1
DA:75,21
DA:76,1
DA:77,1
DA:79,21
DA:80,21
DA:81,21
DA:82,2
DA:85,21
DA:86,0
DA:87,0
DA:88,0
LF:56
LH:47
BRDA:11,1,0,0
BRDA:11,1,1,21
BRDA:15,2,0,0
BRDA:15,2,1,21
BRDA:16,3,0,0
BRDA:16,3,1,21
BRDA:43,4,0,21
BRDA:43,4,1,0
BRDA:43,5,0,21
BRDA:43,5,1,0
BRDA:43,6,0,21
BRDA:43,6,1,0
BRDA:43,7,0,0
BRDA:43,7,1,0
BRDA:44,8,0,1
BRDA:44,8,1,0
BRDA:44,9,0,1
BRDA:44,9,1,1
BRDA:49,10,0,0
BRDA:49,10,1,1
BRF:20
BRH:10
end_of_record
TN:
SF:D:\TFSDelta\DataVINE CE\public\js\controllers\importConfigurationCtrl.js
FN:2,(anonymous_1)
FN:7,(anonymous_2)
FN:38,(anonymous_3)
FN:40,(anonymous_4)
FN:45,(anonymous_5)
FN:48,(anonymous_6)
FN:58,(anonymous_7)
FN:63,(anonymous_8)
FN:71,(anonymous_9)
FN:85,(anonymous_10)
FN:91,(anonymous_11)
FNF:11
FNH:9
FNDA:1,(anonymous_1)
FNDA:4,(anonymous_2)
FNDA:1,(anonymous_3)
FNDA:0,(anonymous_4)
FNDA:1,(anonymous_5)
FNDA:1,(anonymous_6)
FNDA:1,(anonymous_7)
FNDA:1,(anonymous_8)
FNDA:0,(anonymous_9)
FNDA:1,(anonymous_10)
FNDA:1,(anonymous_11)
DA:2,1
DA:6,1
DA:8,4
DA:9,4
DA:11,4
DA:13,4
DA:14,4
DA:17,4
DA:35,4
DA:36,4
DA:37,4
DA:38,4
DA:39,1
DA:40,0
DA:41,0
DA:45,4
DA:46,1
DA:47,1
DA:48,1
DA:49,1
DA:50,1
DA:51,1
DA:52,1
DA:53,1
DA:58,4
DA:59,1
DA:60,1
DA:63,4
DA:64,1
DA:72,0
DA:73,0
DA:74,0
DA:75,0
DA:76,0
DA:77,0
DA:78,0
DA:81,0
DA:82,0
DA:86,1
DA:91,4
DA:92,1
LF:41
LH:30
BRDA:13,1,0,4
BRDA:13,1,1,0
BRDA:13,2,0,4
BRDA:13,2,1,0
BRDA:39,3,0,0
BRDA:39,3,1,1
BRDA:48,4,0,1
BRDA:48,4,1,0
BRDA:49,5,0,1
BRDA:49,5,1,0
BRDA:52,6,0,1
BRDA:52,6,1,0
BRDA:53,7,0,1
BRDA:53,7,1,0
BRDA:72,8,0,0
BRDA:72,8,1,0
BRDA:72,9,0,0
BRDA:72,9,1,0
BRDA:75,10,0,0
BRDA:75,10,1,0
BRF:20
BRH:7
end_of_record
TN:
SF:D:\TFSDelta\DataVINE CE\public\js\controllers\importFirmwareCtrl.js
FN:1,(anonymous_1)
FN:5,(anonymous_2)
FN:6,(anonymous_3)
FN:28,(anonymous_4)
FN:38,(anonymous_5)
FN:46,(anonymous_6)
FN:47,(anonymous_7)
FNF:7
FNH:4
FNDA:1,(anonymous_1)
FNDA:2,(anonymous_2)
FNDA:1,(anonymous_3)
FNDA:0,(anonymous_4)
FNDA:0,(anonymous_5)
FNDA:1,(anonymous_6)
FNDA:0,(anonymous_7)
DA:1,1
DA:5,1
DA:6,2
DA:7,1
DA:9,2
DA:10,2
DA:28,2
DA:29,0
DA:30,0
DA:31,0
DA:32,0
DA:34,0
DA:35,0
DA:38,2
DA:39,0
DA:40,0
DA:44,2
DA:45,2
DA:46,2
DA:47,1
LF:20
LH:12
BRDA:30,1,0,0
BRDA:30,1,1,0
BRDA:39,2,0,0
BRDA:39,2,1,0
BRF:4
BRH:0
end_of_record
TN:
SF:D:\TFSDelta\DataVINE CE\public\js\controllers\jobStatusCtrl.js
FN:1,(anonymous_1)
FN:5,(anonymous_2)
FN:16,(anonymous_3)
FN:23,filterWithDate
FN:27,(anonymous_5)
FN:46,init
FN:50,(anonymous_7)
FN:73,(anonymous_8)
FN:84,(anonymous_9)
FN:87,(anonymous_10)
FN:91,(anonymous_11)
FN:117,jobStatusMeterOrHyperSproutDateInitialize
FN:132,(anonymous_13)
FN:147,(anonymous_14)
FN:179,(anonymous_15)
FN:199,(anonymous_16)
FN:247,(anonymous_17)
FN:254,(anonymous_18)
FN:264,(anonymous_19)
FN:266,(anonymous_20)
FN:268,(anonymous_21)
FN:272,(anonymous_22)
FN:278,(anonymous_23)
FN:281,(anonymous_24)
FNF:24
FNH:14
FNDA:1,(anonymous_1)
FNDA:22,(anonymous_2)
FNDA:0,(anonymous_3)
FNDA:23,filterWithDate
FNDA:22,(anonymous_5)
FNDA:23,init
FNDA:3,(anonymous_7)
FNDA:0,(anonymous_8)
FNDA:1,(anonymous_9)
FNDA:1,(anonymous_10)
FNDA:4,(anonymous_11)
FNDA:1,jobStatusMeterOrHyperSproutDateInitialize
FNDA:2,(anonymous_13)
FNDA:5,(anonymous_14)
FNDA:0,(anonymous_15)
FNDA:1,(anonymous_16)
FNDA:1,(anonymous_17)
FNDA:0,(anonymous_18)
FNDA:0,(anonymous_19)
FNDA:0,(anonymous_20)
FNDA:0,(anonymous_21)
FNDA:0,(anonymous_22)
FNDA:0,(anonymous_23)
FNDA:0,(anonymous_24)
DA:1,1
DA:5,1
DA:6,22
DA:7,22
DA:8,22
DA:9,22
DA:10,22
DA:11,22
DA:12,22
DA:13,22
DA:14,22
DA:15,22
DA:16,0
DA:17,0
DA:18,0
DA:21,22
DA:23,1
DA:24,23
DA:25,22
DA:26,22
DA:27,22
DA:28,22
DA:29,22
DA:32,1
DA:35,22
DA:36,22
DA:37,22
DA:46,1
DA:47,23
DA:48,23
DA:49,23
DA:50,23
DA:51,3
DA:52,3
DA:53,3
DA:54,3
DA:55,3
DA:56,3
DA:57,3
DA:58,3
DA:59,3
DA:60,3
DA:61,3
DA:62,3
DA:63,3
DA:64,3
DA:66,3
DA:68,3
DA:69,1
DA:73,22
DA:74,0
DA:75,0
DA:76,0
DA:80,22
DA:85,1
DA:88,1
DA:91,22
DA:92,4
DA:95,4
DA:96,4
DA:97,4
DA:98,1
DA:101,3
DA:103,4
DA:104,0
DA:106,4
DA:111,0
DA:112,0
DA:113,0
DA:114,0
DA:117,1
DA:118,1
DA:119,1
DA:120,1
DA:121,1
DA:122,1
DA:123,1
DA:124,1
DA:125,1
DA:126,1
DA:127,1
DA:128,1
DA:129,1
DA:130,1
DA:131,1
DA:132,1
DA:133,2
DA:134,2
DA:135,2
DA:136,2
DA:137,1
DA:139,2
DA:140,1
DA:145,1
DA:146,1
DA:147,1
DA:148,5
DA:149,5
DA:150,5
DA:151,5
DA:152,1
DA:154,5
DA:155,1
DA:157,5
DA:158,1
DA:160,5
DA:161,5
DA:162,1
DA:164,5
DA:165,1
DA:168,0
DA:169,0
DA:176,1
DA:177,1
DA:178,1
DA:179,1
DA:180,0
DA:181,0
DA:182,0
DA:183,0
DA:185,0
DA:186,0
DA:188,0
DA:190,1
DA:191,1
DA:192,1
DA:193,1
DA:196,0
DA:199,22
DA:200,1
DA:202,22
DA:203,22
DA:221,22
DA:222,0
DA:223,0
DA:224,0
DA:230,22
DA:231,22
DA:234,22
DA:243,22
DA:244,22
DA:247,22
DA:248,1
DA:255,0
DA:266,0
DA:267,0
DA:268,0
DA:269,0
DA:272,0
DA:273,0
DA:278,0
DA:279,0
DA:281,0
DA:282,0
DA:283,0
DA:285,0
DA:289,0
DA:290,0
DA:292,0
DA:293,0
DA:296,0
DA:297,0
DA:298,0
DA:299,0
DA:300,0
DA:302,0
DA:303,0
LF:167
LH:119
BRDA:14,1,0,0
BRDA:14,1,1,22
BRDA:15,2,0,0
BRDA:15,2,1,22
BRDA:24,3,0,22
BRDA:24,3,1,1
BRDA:51,4,0,3
BRDA:51,4,1,0
BRDA:51,5,0,3
BRDA:51,5,1,3
BRDA:62,6,0,3
BRDA:62,6,1,0
BRDA:68,7,0,1
BRDA:68,7,1,2
BRDA:92,8,0,4
BRDA:92,8,1,0
BRDA:92,9,0,4
BRDA:92,9,1,1
BRDA:92,9,2,1
BRDA:92,9,3,1
BRDA:92,9,4,1
BRDA:92,9,5,0
BRDA:92,9,6,0
BRDA:97,10,0,1
BRDA:97,10,1,3
BRDA:97,11,0,4
BRDA:97,11,1,1
BRDA:103,12,0,0
BRDA:103,12,1,4
BRDA:103,13,0,4
BRDA:103,13,1,1
BRDA:103,13,2,1
BRDA:103,13,3,0
BRDA:103,14,0,1
BRDA:103,14,1,0
BRDA:103,15,0,1
BRDA:103,15,1,0
BRDA:103,16,0,0
BRDA:103,16,1,0
BRDA:103,17,0,0
BRDA:103,17,1,0
BRDA:103,18,0,0
BRDA:103,18,1,0
BRDA:103,19,0,0
BRDA:103,19,1,0
BRDA:133,20,0,2
BRDA:133,20,1,0
BRDA:136,21,0,1
BRDA:136,21,1,1
BRDA:136,22,0,2
BRDA:136,22,1,2
BRDA:139,23,0,1
BRDA:139,23,1,1
BRDA:139,24,0,2
BRDA:139,24,1,2
BRDA:148,25,0,5
BRDA:148,25,1,0
BRDA:151,26,0,1
BRDA:151,26,1,4
BRDA:151,27,0,5
BRDA:151,27,1,5
BRDA:154,28,0,1
BRDA:154,28,1,4
BRDA:154,29,0,5
BRDA:154,29,1,5
BRDA:157,30,0,1
BRDA:157,30,1,4
BRDA:157,31,0,5
BRDA:157,31,1,5
BRDA:160,32,0,5
BRDA:160,32,1,0
BRDA:161,33,0,1
BRDA:161,33,1,4
BRDA:161,34,0,5
BRDA:161,34,1,5
BRDA:164,35,0,1
BRDA:164,35,1,4
BRDA:164,36,0,5
BRDA:164,36,1,5
BRDA:168,37,0,0
BRDA:168,37,1,0
BRDA:168,38,0,0
BRDA:168,38,1,0
BRDA:176,39,0,1
BRDA:176,39,1,0
BRDA:176,40,0,1
BRDA:176,40,1,1
BRDA:177,41,0,1
BRDA:177,41,1,0
BRDA:182,42,0,0
BRDA:182,42,1,0
BRDA:185,43,0,0
BRDA:185,43,1,0
BRDA:221,44,0,0
BRDA:221,44,1,22
BRDA:267,45,0,0
BRDA:267,45,1,0
BRDA:282,46,0,0
BRDA:282,46,1,0
BRDA:289,47,0,0
BRDA:289,47,1,0
BRDA:292,48,0,0
BRDA:292,48,1,0
BRDA:297,49,0,0
BRDA:297,49,1,0
BRDA:299,50,0,0
BRDA:299,50,1,0
BRF:107
BRH:62
end_of_record
TN:
SF:D:\TFSDelta\DataVINE CE\public\js\controllers\loginCtrl.js
FN:1,(anonymous_1)
FN:6,(anonymous_2)
FN:20,init
FN:30,(anonymous_4)
FN:41,(anonymous_5)
FN:60,(anonymous_6)
FN:63,(anonymous_7)
FN:75,checkAndRedirect
FNF:8
FNH:6
FNDA:1,(anonymous_1)
FNDA:4,(anonymous_2)
FNDA:4,init
FNDA:3,(anonymous_4)
FNDA:2,(anonymous_5)
FNDA:0,(anonymous_6)
FNDA:0,(anonymous_7)
FNDA:2,checkAndRedirect
DA:1,1
DA:5,1
DA:8,4
DA:10,4
DA:20,1
DA:21,4
DA:22,4
DA:23,0
DA:30,4
DA:31,3
DA:32,3
DA:33,1
DA:34,1
DA:38,1
DA:41,2
DA:42,2
DA:43,2
DA:44,2
DA:45,2
DA:46,2
DA:47,2
DA:48,2
DA:50,0
DA:51,0
DA:52,0
DA:53,0
DA:61,0
DA:64,0
DA:69,0
DA:75,1
DA:76,2
DA:77,2
DA:78,2
DA:79,1
DA:81,1
DA:88,4
LF:36
LH:28
BRDA:22,1,0,0
BRDA:22,1,1,4
BRDA:22,2,0,4
BRDA:22,2,1,2
BRDA:32,3,0,1
BRDA:32,3,1,2
BRDA:42,4,0,2
BRDA:42,4,1,0
BRDA:45,5,0,0
BRDA:45,5,1,2
BRDA:51,6,0,0
BRDA:51,6,1,0
BRDA:76,7,0,2
BRDA:76,7,1,0
BRDA:78,8,0,1
BRDA:78,8,1,1
BRF:16
BRH:10
end_of_record
TN:
SF:D:\TFSDelta\DataVINE CE\public\js\controllers\manuallyDeregisterCtrl.js
FN:1,(anonymous_1)
FN:5,(anonymous_2)
FN:6,(anonymous_3)
FN:47,(anonymous_4)
FNF:4
FNH:4
FNDA:1,(anonymous_1)
FNDA:3,(anonymous_2)
FNDA:1,(anonymous_3)
FNDA:1,(anonymous_4)
DA:1,1
DA:5,1
DA:6,3
DA:7,1
DA:9,3
DA:47,3
DA:48,1
LF:7
LH:7
BRF:0
BRH:0
end_of_record
TN:
SF:D:\TFSDelta\DataVINE CE\public\js\controllers\meterDownloadsCtrl.js
FN:1,(anonymous_1)
FN:5,(anonymous_2)
FN:15,(anonymous_3)
FN:33,init
FN:35,(anonymous_5)
FN:61,(anonymous_6)
FN:64,(anonymous_7)
FN:68,(anonymous_8)
FN:73,(anonymous_9)
FN:82,(anonymous_10)
FN:84,(anonymous_11)
FN:89,(anonymous_12)
FN:93,(anonymous_13)
FNF:13
FNH:9
FNDA:1,(anonymous_1)
FNDA:22,(anonymous_2)
FNDA:0,(anonymous_3)
FNDA:22,init
FNDA:1,(anonymous_5)
FNDA:1,(anonymous_6)
FNDA:1,(anonymous_7)
FNDA:1,(anonymous_8)
FNDA:0,(anonymous_9)
FNDA:0,(anonymous_10)
FNDA:0,(anonymous_11)
FNDA:1,(anonymous_12)
FNDA:1,(anonymous_13)
DA:1,1
DA:5,1
DA:6,22
DA:7,22
DA:8,22
DA:9,22
DA:10,22
DA:11,22
DA:12,22
DA:13,22
DA:14,22
DA:15,0
DA:16,0
DA:17,0
DA:20,22
DA:22,22
DA:23,22
DA:24,22
DA:33,1
DA:34,22
DA:35,22
DA:36,1
DA:37,1
DA:38,1
DA:39,1
DA:40,1
DA:41,1
DA:42,1
DA:43,1
DA:44,1
DA:45,1
DA:46,1
DA:47,1
DA:48,1
DA:49,1
DA:50,1
DA:51,1
DA:54,1
DA:58,22
DA:62,1
DA:65,1
DA:68,22
DA:69,1
DA:70,1
DA:72,22
DA:73,22
DA:74,0
DA:81,0
DA:82,0
DA:83,0
DA:85,0
DA:89,22
DA:90,1
DA:93,22
DA:94,1
DA:95,0
DA:96,0
LF:57
LH:47
BRDA:13,1,0,0
BRDA:13,1,1,22
BRDA:14,2,0,0
BRDA:14,2,1,22
BRDA:38,3,0,1
BRDA:38,3,1,0
BRDA:38,4,0,1
BRDA:38,4,1,1
BRDA:41,5,0,1
BRDA:41,5,1,0
BRDA:48,6,0,1
BRDA:48,6,1,0
BRDA:49,7,0,1
BRDA:49,7,1,0
BRDA:94,8,0,0
BRDA:94,8,1,1
BRF:16
BRH:9
end_of_record
TN:
SF:D:\TFSDelta\DataVINE CE\public\js\controllers\meterManagementCtrl.js
FN:1,(anonymous_1)
FN:5,(anonymous_2)
FNF:2
FNH:1
FNDA:1,(anonymous_1)
FNDA:0,(anonymous_2)
DA:1,1
DA:5,1
LF:2
LH:2
BRF:0
BRH:0
end_of_record
TN:
SF:D:\TFSDelta\DataVINE CE\public\js\controllers\meterRegistrationCtrl.js
FN:2,(anonymous_1)
FN:7,(anonymous_2)
FN:53,(anonymous_3)
FN:58,init
FN:60,(anonymous_5)
FN:67,(anonymous_6)
FN:80,(anonymous_7)
FN:92,(anonymous_8)
FN:101,(anonymous_9)
FN:104,(anonymous_10)
FN:111,(anonymous_11)
FN:121,(anonymous_12)
FN:128,(anonymous_13)
FN:138,(anonymous_14)
FN:146,(anonymous_15)
FN:151,(anonymous_16)
FN:153,(anonymous_17)
FN:158,(anonymous_18)
FN:167,(anonymous_19)
FN:169,(anonymous_20)
FN:173,(anonymous_21)
FNF:21
FNH:13
FNDA:1,(anonymous_1)
FNDA:8,(anonymous_2)
FNDA:0,(anonymous_3)
FNDA:10,init
FNDA:5,(anonymous_5)
FNDA:3,(anonymous_6)
FNDA:0,(anonymous_7)
FNDA:1,(anonymous_8)
FNDA:1,(anonymous_9)
FNDA:1,(anonymous_10)
FNDA:1,(anonymous_11)
FNDA:1,(anonymous_12)
FNDA:1,(anonymous_13)
FNDA:1,(anonymous_14)
FNDA:1,(anonymous_15)
FNDA:0,(anonymous_16)
FNDA:0,(anonymous_17)
FNDA:0,(anonymous_18)
FNDA:0,(anonymous_19)
FNDA:0,(anonymous_20)
FNDA:0,(anonymous_21)
DA:2,1
DA:6,1
DA:8,8
DA:9,8
DA:10,8
DA:11,8
DA:12,8
DA:13,8
DA:14,8
DA:15,8
DA:16,8
DA:53,8
DA:54,0
DA:55,0
DA:58,1
DA:59,10
DA:60,10
DA:61,5
DA:62,5
DA:65,8
DA:67,8
DA:68,3
DA:69,3
DA:70,3
DA:71,1
DA:73,2
DA:74,1
DA:75,1
DA:76,1
DA:80,8
DA:81,0
DA:82,0
DA:83,0
DA:92,8
DA:93,1
DA:102,1
DA:103,1
DA:104,1
DA:105,1
DA:106,1
DA:111,8
DA:113,1
DA:122,1
DA:124,1
DA:125,1
DA:126,1
DA:128,1
DA:129,1
DA:130,1
DA:131,1
DA:134,0
DA:138,8
DA:139,1
DA:147,1
DA:151,1
DA:152,0
DA:154,0
DA:156,1
DA:158,8
DA:159,0
DA:160,0
DA:167,0
DA:168,0
DA:170,0
DA:173,8
DA:174,0
LF:66
LH:52
BRDA:70,1,0,1
BRDA:70,1,1,2
BRDA:73,2,0,1
BRDA:73,2,1,1
BRDA:75,3,0,1
BRDA:75,3,1,0
BRDA:102,4,0,1
BRDA:102,4,1,0
BRDA:122,5,0,1
BRDA:122,5,1,0
BRF:10
BRH:7
end_of_record
TN:
SF:D:\TFSDelta\DataVINE CE\public\js\controllers\metersCtrl.js
FN:1,(anonymous_1)
FN:5,(anonymous_2)
FN:11,(anonymous_3)
FN:22,init
FN:30,(anonymous_5)
FN:33,(anonymous_6)
FN:38,(anonymous_7)
FN:65,(anonymous_8)
FN:69,(anonymous_9)
FN:80,(anonymous_10)
FN:86,(anonymous_11)
FN:90,(anonymous_12)
FNF:12
FNH:10
FNDA:1,(anonymous_1)
FNDA:10,(anonymous_2)
FNDA:1,(anonymous_3)
FNDA:10,init
FNDA:1,(anonymous_5)
FNDA:1,(anonymous_6)
FNDA:1,(anonymous_7)
FNDA:1,(anonymous_8)
FNDA:0,(anonymous_9)
FNDA:0,(anonymous_10)
FNDA:1,(anonymous_11)
FNDA:1,(anonymous_12)
DA:1,1
DA:5,1
DA:7,10
DA:8,10
DA:9,10
DA:10,10
DA:11,10
DA:12,1
DA:14,10
DA:15,10
DA:16,10
DA:22,1
DA:23,10
DA:24,10
DA:25,10
DA:26,10
DA:27,10
DA:31,1
DA:34,1
DA:38,10
DA:39,1
DA:40,1
DA:41,1
DA:42,1
DA:43,1
DA:44,1
DA:45,1
DA:46,1
DA:47,1
DA:48,1
DA:49,1
DA:50,1
DA:51,1
DA:52,1
DA:53,1
DA:54,1
DA:55,1
DA:56,1
DA:62,1
DA:65,10
DA:67,1
DA:68,1
DA:69,1
DA:70,0
DA:72,1
DA:75,10
DA:80,10
DA:81,0
DA:82,0
DA:83,0
DA:86,10
DA:87,1
DA:90,10
DA:91,1
LF:54
LH:50
BRDA:41,1,0,1
BRDA:41,1,1,0
BRDA:43,2,0,1
BRDA:43,2,1,0
BRDA:47,3,0,1
BRDA:47,3,1,0
BRDA:48,4,0,0
BRDA:48,4,1,1
BRDA:52,5,0,1
BRDA:52,5,1,0
BRDA:53,6,0,1
BRDA:53,6,1,0
BRDA:55,7,0,1
BRDA:55,7,1,0
BRF:14
BRH:7
end_of_record
TN:
SF:D:\TFSDelta\DataVINE CE\public\js\controllers\newAccounts_ReportCtrl.js
FN:1,(anonymous_1)
FN:5,(anonymous_2)
FN:17,(anonymous_3)
FN:20,(anonymous_4)
FN:37,(anonymous_5)
FN:45,initializeDateForNewAccountReport
FN:49,(anonymous_7)
FN:58,init
FN:60,(anonymous_9)
FN:91,(anonymous_10)
FN:99,(anonymous_11)
FN:107,(anonymous_12)
FNF:12
FNH:10
FNDA:1,(anonymous_1)
FNDA:5,(anonymous_2)
FNDA:1,(anonymous_3)
FNDA:1,(anonymous_4)
FNDA:0,(anonymous_5)
FNDA:6,initializeDateForNewAccountReport
FNDA:5,(anonymous_7)
FNDA:6,init
FNDA:1,(anonymous_9)
FNDA:1,(anonymous_10)
FNDA:1,(anonymous_11)
FNDA:0,(anonymous_12)
DA:1,1
DA:5,1
DA:7,5
DA:8,5
DA:13,5
DA:14,5
DA:18,1
DA:21,1
DA:25,5
DA:26,5
DA:27,5
DA:35,5
DA:36,5
DA:37,0
DA:38,0
DA:39,0
DA:42,5
DA:45,1
DA:46,6
DA:47,5
DA:48,5
DA:49,5
DA:50,5
DA:51,5
DA:54,1
DA:58,1
DA:59,6
DA:60,6
DA:61,1
DA:62,1
DA:63,1
DA:64,1
DA:65,1
DA:67,1
DA:68,1
DA:69,1
DA:70,1
DA:71,1
DA:72,1
DA:77,1
DA:79,1
DA:91,5
DA:92,1
DA:93,1
DA:94,0
DA:96,1
DA:99,5
DA:100,1
DA:101,1
DA:107,5
DA:108,0
DA:113,5
DA:114,5
LF:53
LH:48
BRDA:35,1,0,0
BRDA:35,1,1,5
BRDA:36,2,0,0
BRDA:36,2,1,5
BRDA:46,3,0,5
BRDA:46,3,1,1
BRDA:61,4,0,1
BRDA:61,4,1,0
BRDA:61,5,0,1
BRDA:61,5,1,1
BRDA:64,6,0,1
BRDA:64,6,1,0
BRDA:72,7,0,1
BRDA:72,7,1,0
BRDA:93,8,0,0
BRDA:93,8,1,1
BRF:16
BRH:10
end_of_record
TN:
SF:D:\TFSDelta\DataVINE CE\public\js\controllers\newCircuitConfigurationCtrl.js
FN:1,(anonymous_1)
FN:6,(anonymous_2)
FN:12,init
FN:49,(anonymous_4)
FN:53,(anonymous_5)
FN:60,(anonymous_6)
FN:65,(anonymous_7)
FN:69,(anonymous_8)
FN:88,(anonymous_9)
FN:224,(anonymous_10)
FNF:10
FNH:10
FNDA:1,(anonymous_1)
FNDA:24,(anonymous_2)
FNDA:24,init
FNDA:1,(anonymous_4)
FNDA:1,(anonymous_5)
FNDA:1,(anonymous_6)
FNDA:1,(anonymous_7)
FNDA:1,(anonymous_8)
FNDA:20,(anonymous_9)
FNDA:1,(anonymous_10)
DA:1,1
DA:5,1
DA:8,24
DA:9,24
DA:10,24
DA:12,1
DA:13,24
DA:15,24
DA:16,0
DA:17,0
DA:20,24
DA:21,24
DA:22,24
DA:23,24
DA:24,24
DA:25,0
DA:27,24
DA:28,24
DA:29,24
DA:30,24
DA:31,24
DA:32,24
DA:33,24
DA:34,24
DA:35,24
DA:36,24
DA:37,24
DA:38,24
DA:39,24
DA:40,24
DA:42,24
DA:43,24
DA:49,24
DA:50,1
DA:54,1
DA:55,1
DA:56,1
DA:57,1
DA:60,24
DA:61,1
DA:62,1
DA:65,24
DA:66,1
DA:70,1
DA:71,1
DA:72,1
DA:73,1
DA:78,24
DA:79,24
DA:85,24
DA:86,24
DA:88,24
DA:89,20
DA:90,2
DA:91,0
DA:92,0
DA:93,0
DA:94,2
DA:95,1
DA:96,1
DA:97,1
DA:99,1
DA:100,1
DA:103,18
DA:104,2
DA:105,0
DA:106,0
DA:107,0
DA:108,2
DA:109,1
DA:110,1
DA:111,1
DA:113,1
DA:114,1
DA:117,16
DA:118,1
DA:119,0
DA:120,0
DA:121,0
DA:123,1
DA:124,0
DA:125,0
DA:127,1
DA:128,1
DA:129,1
DA:132,15
DA:133,1
DA:134,0
DA:135,0
DA:136,0
DA:138,1
DA:139,0
DA:140,0
DA:142,1
DA:143,1
DA:144,1
DA:147,14
DA:148,2
DA:149,1
DA:150,1
DA:151,1
DA:153,1
DA:154,1
DA:157,12
DA:158,2
DA:159,1
DA:160,1
DA:161,1
DA:163,1
DA:164,1
DA:167,10
DA:168,2
DA:169,1
DA:170,1
DA:171,1
DA:173,1
DA:174,1
DA:177,8
DA:178,2
DA:179,1
DA:180,1
DA:181,1
DA:183,1
DA:184,1
DA:187,6
DA:188,2
DA:189,1
DA:190,1
DA:191,1
DA:193,1
DA:194,1
DA:197,4
DA:198,2
DA:199,1
DA:200,1
DA:201,1
DA:203,1
DA:204,1
DA:207,2
DA:208,2
DA:209,1
DA:210,1
DA:211,1
DA:213,1
DA:214,1
DA:218,20
DA:224,24
DA:225,1
DA:226,0
LF:149
LH:129
BRDA:15,1,0,0
BRDA:15,1,1,24
BRDA:15,2,0,24
BRDA:15,2,1,0
BRDA:24,3,0,0
BRDA:24,3,1,24
BRDA:89,4,0,2
BRDA:89,4,1,18
BRDA:90,5,0,0
BRDA:90,5,1,2
BRDA:94,6,0,1
BRDA:94,6,1,1
BRDA:103,7,0,2
BRDA:103,7,1,16
BRDA:104,8,0,0
BRDA:104,8,1,2
BRDA:108,9,0,1
BRDA:108,9,1,1
BRDA:117,10,0,1
BRDA:117,10,1,15
BRDA:118,11,0,0
BRDA:118,11,1,1
BRDA:123,12,0,0
BRDA:123,12,1,1
BRDA:132,13,0,1
BRDA:132,13,1,14
BRDA:133,14,0,0
BRDA:133,14,1,1
BRDA:138,15,0,0
BRDA:138,15,1,1
BRDA:147,16,0,2
BRDA:147,16,1,12
BRDA:148,17,0,1
BRDA:148,17,1,1
BRDA:157,18,0,2
BRDA:157,18,1,10
BRDA:158,19,0,1
BRDA:158,19,1,1
BRDA:167,20,0,2
BRDA:167,20,1,8
BRDA:168,21,0,1
BRDA:168,21,1,1
BRDA:177,22,0,2
BRDA:177,22,1,6
BRDA:178,23,0,1
BRDA:178,23,1,1
BRDA:187,24,0,2
BRDA:187,24,1,4
BRDA:188,25,0,1
BRDA:188,25,1,1
BRDA:197,26,0,2
BRDA:197,26,1,2
BRDA:198,27,0,1
BRDA:198,27,1,1
BRDA:207,28,0,2
BRDA:207,28,1,0
BRDA:208,29,0,1
BRDA:208,29,1,1
BRDA:218,30,0,20
BRDA:218,30,1,19
BRDA:218,30,2,18
BRDA:218,30,3,17
BRDA:218,30,4,16
BRDA:218,30,5,16
BRDA:218,30,6,15
BRDA:218,30,7,14
BRDA:218,30,8,13
BRDA:218,30,9,12
BRDA:218,30,10,11
BRDA:225,31,0,0
BRDA:225,31,1,1
BRF:71
BRH:60
end_of_record
TN:
SF:D:\TFSDelta\DataVINE CE\public\js\controllers\newConfigurationCtrl.js
FN:1,(anonymous_1)
FN:5,(anonymous_2)
FN:15,(anonymous_3)
FN:22,(anonymous_4)
FN:39,(anonymous_5)
FN:48,(anonymous_6)
FN:61,(anonymous_7)
FN:62,(anonymous_8)
FNF:8
FNH:6
FNDA:1,(anonymous_1)
FNDA:8,(anonymous_2)
FNDA:4,(anonymous_3)
FNDA:1,(anonymous_4)
FNDA:0,(anonymous_5)
FNDA:0,(anonymous_6)
FNDA:2,(anonymous_7)
FNDA:2,(anonymous_8)
DA:1,1
DA:5,1
DA:6,8
DA:7,8
DA:8,8
DA:9,8
DA:10,8
DA:11,8
DA:12,8
DA:13,8
DA:14,8
DA:15,8
DA:16,4
DA:17,4
DA:18,4
DA:19,4
DA:20,4
DA:22,8
DA:23,1
DA:24,1
DA:26,8
DA:28,8
DA:29,8
DA:32,8
DA:33,8
DA:35,0
DA:39,8
DA:40,0
DA:41,0
DA:49,0
DA:50,0
DA:55,0
DA:56,0
DA:61,8
DA:62,2
DA:63,2
DA:64,1
DA:66,1
DA:68,2
DA:69,2
LF:40
LH:33
BRDA:28,1,0,8
BRDA:28,1,1,0
BRDA:32,2,0,8
BRDA:32,2,1,0
BRDA:40,3,0,0
BRDA:40,3,1,0
BRDA:49,4,0,0
BRDA:49,4,1,0
BRDA:62,5,0,2
BRDA:62,5,1,0
BRDA:62,6,0,2
BRDA:62,6,1,0
BRDA:63,7,0,1
BRDA:63,7,1,1
BRF:14
BRH:6
end_of_record
TN:
SF:D:\TFSDelta\DataVINE CE\public\js\controllers\newMeterConfigurationCtrl.js
FN:1,(anonymous_1)
FN:6,(anonymous_2)
FN:13,populateProperData
FN:115,(anonymous_4)
FN:127,(anonymous_5)
FN:139,(anonymous_6)
FN:151,(anonymous_7)
FN:160,(anonymous_8)
FN:165,(anonymous_9)
FN:183,(anonymous_10)
FN:551,(anonymous_11)
FN:556,(anonymous_12)
FN:570,(anonymous_13)
FN:574,(anonymous_14)
FN:580,(anonymous_15)
FNF:15
FNH:10
FNDA:1,(anonymous_1)
FNDA:79,(anonymous_2)
FNDA:474,populateProperData
FNDA:1,(anonymous_4)
FNDA:1,(anonymous_5)
FNDA:1,(anonymous_6)
FNDA:1,(anonymous_7)
FNDA:1,(anonymous_8)
FNDA:0,(anonymous_9)
FNDA:74,(anonymous_10)
FNDA:0,(anonymous_11)
FNDA:0,(anonymous_12)
FNDA:0,(anonymous_13)
FNDA:0,(anonymous_14)
FNDA:1,(anonymous_15)
DA:1,1
DA:5,1
DA:7,79
DA:8,79
DA:9,79
DA:10,79
DA:11,79
DA:12,79
DA:13,1
DA:14,474
DA:16,79
DA:17,79
DA:19,79
DA:20,79
DA:22,79
DA:23,79
DA:25,79
DA:26,79
DA:28,79
DA:29,79
DA:31,79
DA:32,79
DA:34,79
DA:35,79
DA:38,79
DA:40,79
DA:41,79
DA:43,79
DA:44,79
DA:46,79
DA:47,79
DA:50,79
DA:53,79
DA:55,79
DA:56,0
DA:57,0
DA:58,0
DA:59,0
DA:62,79
DA:63,79
DA:64,79
DA:65,79
DA:66,79
DA:68,79
DA:69,79
DA:70,79
DA:71,79
DA:73,79
DA:74,79
DA:75,79
DA:76,79
DA:77,79
DA:78,79
DA:79,79
DA:81,79
DA:82,79
DA:83,79
DA:84,79
DA:85,79
DA:86,79
DA:87,79
DA:88,79
DA:89,79
DA:90,79
DA:91,79
DA:92,79
DA:93,79
DA:94,79
DA:95,79
DA:96,79
DA:97,79
DA:98,79
DA:99,79
DA:100,79
DA:101,79
DA:102,79
DA:103,79
DA:104,79
DA:105,79
DA:107,79
DA:108,79
DA:110,79
DA:111,79
DA:115,79
DA:116,1
DA:128,1
DA:129,1
DA:130,1
DA:131,1
DA:139,79
DA:140,1
DA:141,1
DA:152,1
DA:153,1
DA:154,1
DA:155,1
DA:160,79
DA:161,1
DA:162,1
DA:165,79
DA:166,0
DA:169,79
DA:170,79
DA:177,79
DA:179,79
DA:180,79
DA:181,79
DA:183,79
DA:184,74
DA:185,3
DA:186,1
DA:187,1
DA:188,1
DA:189,2
DA:190,1
DA:191,1
DA:192,1
DA:195,1
DA:196,1
DA:199,71
DA:200,3
DA:201,1
DA:202,1
DA:203,1
DA:204,2
DA:205,1
DA:206,1
DA:207,1
DA:209,1
DA:210,1
DA:213,68
DA:214,3
DA:215,1
DA:216,1
DA:217,1
DA:218,2
DA:219,1
DA:220,1
DA:221,1
DA:223,1
DA:224,1
DA:227,65
DA:228,3
DA:229,1
DA:230,1
DA:231,1
DA:232,2
DA:233,1
DA:234,1
DA:235,1
DA:237,1
DA:238,1
DA:241,62
DA:242,3
DA:243,1
DA:244,1
DA:245,1
DA:246,2
DA:247,1
DA:248,1
DA:249,1
DA:251,1
DA:252,1
DA:256,59
DA:257,3
DA:258,1
DA:259,1
DA:260,1
DA:261,2
DA:262,1
DA:263,1
DA:264,1
DA:266,1
DA:267,1
DA:270,56
DA:271,3
DA:272,1
DA:273,1
DA:274,1
DA:275,2
DA:276,1
DA:277,1
DA:278,1
DA:280,1
DA:281,1
DA:284,53
DA:285,3
DA:286,1
DA:287,1
DA:288,1
DA:289,2
DA:290,1
DA:291,1
DA:292,1
DA:294,1
DA:295,1
DA:298,50
DA:299,3
DA:300,1
DA:301,1
DA:302,1
DA:303,2
DA:304,1
DA:305,1
DA:306,1
DA:308,1
DA:309,1
DA:312,47
DA:313,3
DA:314,1
DA:315,1
DA:316,1
DA:317,2
DA:318,1
DA:319,1
DA:320,1
DA:322,1
DA:323,1
DA:327,44
DA:328,3
DA:329,1
DA:330,1
DA:331,1
DA:332,2
DA:333,1
DA:334,1
DA:335,1
DA:337,1
DA:338,1
DA:341,41
DA:342,3
DA:343,1
DA:344,1
DA:345,1
DA:346,2
DA:347,1
DA:348,1
DA:349,1
DA:351,1
DA:352,1
DA:356,38
DA:357,3
DA:358,1
DA:359,1
DA:360,1
DA:361,2
DA:362,1
DA:363,1
DA:364,1
DA:366,1
DA:367,1
DA:370,35
DA:371,3
DA:372,1
DA:373,1
DA:374,1
DA:375,2
DA:376,1
DA:377,1
DA:378,1
DA:380,1
DA:381,1
DA:384,32
DA:385,3
DA:386,1
DA:387,1
DA:388,1
DA:389,2
DA:390,1
DA:391,1
DA:392,1
DA:394,1
DA:395,1
DA:398,29
DA:399,3
DA:400,1
DA:401,1
DA:402,1
DA:403,2
DA:404,1
DA:405,1
DA:406,1
DA:408,1
DA:409,1
DA:412,26
DA:413,3
DA:414,1
DA:415,1
DA:416,1
DA:417,2
DA:418,1
DA:419,1
DA:420,1
DA:422,1
DA:423,1
DA:426,23
DA:427,3
DA:428,1
DA:429,1
DA:430,1
DA:431,2
DA:432,1
DA:433,1
DA:435,1
DA:436,1
DA:437,1
DA:441,20
DA:442,3
DA:443,1
DA:444,1
DA:445,1
DA:446,2
DA:447,1
DA:448,1
DA:450,1
DA:451,1
DA:452,1
DA:455,17
DA:456,3
DA:457,1
DA:458,1
DA:459,1
DA:460,2
DA:461,1
DA:462,1
DA:463,1
DA:465,1
DA:466,1
DA:469,14
DA:470,3
DA:471,1
DA:472,1
DA:473,1
DA:474,2
DA:475,1
DA:476,1
DA:478,1
DA:479,1
DA:480,1
DA:483,11
DA:484,3
DA:485,1
DA:486,1
DA:487,1
DA:488,2
DA:489,2
DA:490,2
DA:491,2
DA:493,0
DA:494,0
DA:497,8
DA:498,3
DA:499,1
DA:500,1
DA:501,1
DA:502,2
DA:503,1
DA:504,1
DA:505,1
DA:507,1
DA:508,1
DA:510,3
DA:511,3
DA:512,2
DA:513,36
DA:514,0
DA:515,0
DA:516,0
DA:517,0
DA:522,5
DA:523,3
DA:524,1
DA:525,1
DA:526,1
DA:527,2
DA:528,1
DA:529,1
DA:530,1
DA:532,1
DA:533,1
DA:536,2
DA:537,1
DA:538,0
DA:540,1
DA:544,74
DA:551,79
DA:552,0
DA:554,79
DA:556,79
DA:557,0
DA:561,79
DA:562,79
DA:564,79
DA:569,79
DA:570,79
DA:571,0
DA:574,79
DA:575,0
DA:576,0
DA:577,0
DA:578,0
DA:580,79
DA:581,1
LF:403
LH:384
BRDA:14,1,0,79
BRDA:14,1,1,395
BRDA:55,2,0,0
BRDA:55,2,1,79
BRDA:140,3,0,1
BRDA:140,3,1,0
BRDA:184,4,0,3
BRDA:184,4,1,71
BRDA:185,5,0,1
BRDA:185,5,1,2
BRDA:189,6,0,1
BRDA:189,6,1,1
BRDA:199,7,0,3
BRDA:199,7,1,68
BRDA:200,8,0,1
BRDA:200,8,1,2
BRDA:204,9,0,1
BRDA:204,9,1,1
BRDA:213,10,0,3
BRDA:213,10,1,65
BRDA:214,11,0,1
BRDA:214,11,1,2
BRDA:218,12,0,1
BRDA:218,12,1,1
BRDA:227,13,0,3
BRDA:227,13,1,62
BRDA:228,14,0,1
BRDA:228,14,1,2
BRDA:232,15,0,1
BRDA:232,15,1,1
BRDA:241,16,0,3
BRDA:241,16,1,59
BRDA:242,17,0,1
BRDA:242,17,1,2
BRDA:246,18,0,1
BRDA:246,18,1,1
BRDA:256,19,0,3
BRDA:256,19,1,56
BRDA:257,20,0,1
BRDA:257,20,1,2
BRDA:261,21,0,1
BRDA:261,21,1,1
BRDA:270,22,0,3
BRDA:270,22,1,53
BRDA:271,23,0,1
BRDA:271,23,1,2
BRDA:275,24,0,1
BRDA:275,24,1,1
BRDA:284,25,0,3
BRDA:284,25,1,50
BRDA:285,26,0,1
BRDA:285,26,1,2
BRDA:289,27,0,1
BRDA:289,27,1,1
BRDA:298,28,0,3
BRDA:298,28,1,47
BRDA:299,29,0,1
BRDA:299,29,1,2
BRDA:303,30,0,1
BRDA:303,30,1,1
BRDA:303,31,0,2
BRDA:303,31,1,2
BRDA:312,32,0,3
BRDA:312,32,1,44
BRDA:313,33,0,1
BRDA:313,33,1,2
BRDA:317,34,0,1
BRDA:317,34,1,1
BRDA:327,35,0,3
BRDA:327,35,1,41
BRDA:328,36,0,1
BRDA:328,36,1,2
BRDA:332,37,0,1
BRDA:332,37,1,1
BRDA:341,38,0,3
BRDA:341,38,1,38
BRDA:342,39,0,1
BRDA:342,39,1,2
BRDA:346,40,0,1
BRDA:346,40,1,1
BRDA:356,41,0,3
BRDA:356,41,1,35
BRDA:357,42,0,1
BRDA:357,42,1,2
BRDA:361,43,0,1
BRDA:361,43,1,1
BRDA:370,44,0,3
BRDA:370,44,1,32
BRDA:371,45,0,1
BRDA:371,45,1,2
BRDA:375,46,0,1
BRDA:375,46,1,1
BRDA:384,47,0,3
BRDA:384,47,1,29
BRDA:385,48,0,1
BRDA:385,48,1,2
BRDA:389,49,0,1
BRDA:389,49,1,1
BRDA:398,50,0,3
BRDA:398,50,1,26
BRDA:399,51,0,1
BRDA:399,51,1,2
BRDA:403,52,0,1
BRDA:403,52,1,1
BRDA:412,53,0,3
BRDA:412,53,1,23
BRDA:413,54,0,1
BRDA:413,54,1,2
BRDA:417,55,0,1
BRDA:417,55,1,1
BRDA:426,56,0,3
BRDA:426,56,1,20
BRDA:427,57,0,1
BRDA:427,57,1,2
BRDA:431,58,0,1
BRDA:431,58,1,1
BRDA:441,59,0,3
BRDA:441,59,1,17
BRDA:442,60,0,1
BRDA:442,60,1,2
BRDA:446,61,0,1
BRDA:446,61,1,1
BRDA:455,62,0,3
BRDA:455,62,1,14
BRDA:456,63,0,1
BRDA:456,63,1,2
BRDA:460,64,0,1
BRDA:460,64,1,1
BRDA:469,65,0,3
BRDA:469,65,1,11
BRDA:470,66,0,1
BRDA:470,66,1,2
BRDA:474,67,0,1
BRDA:474,67,1,1
BRDA:483,68,0,3
BRDA:483,68,1,8
[...]
DA:15,24
DA:16,24
DA:17,24
DA:18,24
DA:19,24
DA:20,24
DA:21,17
DA:23,24
DA:24,1
DA:25,0
DA:27,1
DA:28,0
DA:31,1
DA:32,0
DA:34,1
DA:35,0
DA:38,1
DA:39,0
DA:41,1
DA:42,0
DA:45,1
DA:46,0
DA:48,1
DA:49,0
DA:52,1
DA:54,24
DA:55,1
DA:56,1
DA:57,1
DA:58,1
DA:59,1
DA:60,1
DA:61,1
DA:62,1
DA:63,1
DA:64,1
DA:66,0
DA:67,0
DA:68,0
DA:70,1
DA:71,1
DA:72,1
DA:73,1
DA:74,1
DA:75,1
DA:76,1
DA:77,1
DA:78,1
DA:79,1
DA:80,1
DA:81,1
DA:82,1
DA:83,1
DA:84,1
DA:85,1
DA:86,1
DA:87,1
DA:88,1
DA:89,1
DA:90,1
DA:91,1
DA:92,1
DA:93,1
DA:94,1
DA:95,1
DA:96,1
DA:97,1
DA:98,1
DA:99,1
DA:100,1
DA:101,1
DA:102,1
DA:103,1
DA:104,1
DA:105,1
DA:106,1
DA:107,1
DA:108,1
DA:109,1
DA:110,1
DA:111,1
DA:112,1
DA:113,1
DA:114,1
DA:115,1
DA:116,1
DA:117,1
DA:118,1
DA:119,0
DA:120,1
DA:124,0
DA:125,0
DA:127,1
DA:128,1
DA:129,1
LF:105
LH:91
BRDA:24,1,0,0
BRDA:24,1,1,1
BRDA:27,2,0,0
BRDA:27,2,1,1
BRDA:27,3,0,1
BRDA:27,3,1,1
BRDA:31,4,0,0
BRDA:31,4,1,1
BRDA:34,5,0,0
BRDA:34,5,1,1
BRDA:34,6,0,1
BRDA:34,6,1,1
BRDA:38,7,0,0
BRDA:38,7,1,1
BRDA:41,8,0,0
BRDA:41,8,1,1
BRDA:41,9,0,1
BRDA:41,9,1,1
BRDA:45,10,0,0
BRDA:45,10,1,1
BRDA:48,11,0,0
BRDA:48,11,1,1
BRDA:48,12,0,1
BRDA:48,12,1,1
BRDA:56,13,0,1
BRDA:56,13,1,0
BRDA:96,14,0,1
BRDA:96,14,1,0
BRDA:97,15,0,1
BRDA:97,15,1,0
BRDA:98,16,0,1
BRDA:98,16,1,0
BRDA:99,17,0,0
BRDA:99,17,1,1
BRDA:100,18,0,0
BRDA:100,18,1,1
BRDA:101,19,0,0
BRDA:101,19,1,1
BRDA:102,20,0,1
BRDA:102,20,1,0
BRDA:103,21,0,1
BRDA:103,21,1,0
BRDA:104,22,0,0
BRDA:104,22,1,1
BRDA:105,23,0,1
BRDA:105,23,1,0
BRDA:106,24,0,0
BRDA:106,24,1,1
BRDA:107,25,0,0
BRDA:107,25,1,1
BRDA:108,26,0,0
BRDA:108,26,1,1
BRDA:109,27,0,1
BRDA:109,27,1,0
BRDA:110,28,0,1
BRDA:110,28,1,0
BRDA:111,29,0,0
BRDA:111,29,1,1
BRDA:112,30,0,1
BRDA:112,30,1,0
BRDA:113,31,0,1
BRDA:113,31,1,0
BRDA:114,32,0,1
BRDA:114,32,1,0
BRDA:115,33,0,0
BRDA:115,33,1,1
BRDA:116,34,0,1
BRDA:116,34,1,0
BRDA:118,35,0,0
BRDA:118,35,1,1
BRDA:120,36,0,0
BRDA:120,36,1,1
BRDA:120,37,0,1
BRDA:120,37,1,1
BRDA:120,37,2,1
BRDA:120,37,3,1
BRDA:120,37,4,1
BRDA:120,37,5,1
BRDA:120,37,6,1
BRDA:120,37,7,1
BRDA:120,37,8,1
BRDA:120,37,9,1
BRDA:120,37,10,1
BRDA:120,37,11,1
BRDA:120,37,12,1
BRDA:120,37,13,1
BRDA:120,37,14,1
BRDA:120,37,15,1
BRDA:120,37,16,1
BRDA:120,37,17,1
BRDA:120,37,18,1
BRDA:120,37,19,1
BRDA:120,37,20,1
BRDA:120,37,21,1
BRDA:120,37,22,1
BRDA:120,37,23,1
BRDA:120,37,24,1
BRDA:120,37,25,1
BRDA:120,37,26,1
BRDA:120,37,27,1
BRDA:120,37,28,1
BRDA:120,37,29,1
BRDA:120,37,30,1
BRDA:120,37,31,1
BRDA:120,37,32,1
BRDA:120,37,33,1
BRDA:120,37,34,1
BRDA:120,37,35,1
BRDA:120,37,36,1
BRDA:120,37,37,1
BRDA:120,37,38,1
BRDA:120,37,39,1
BRDA:120,37,40,1
BRDA:120,37,41,1
BRDA:120,37,42,1
BRDA:120,37,43,1
BRDA:120,37,44,1
BRDA:120,37,45,1
BRDA:120,37,46,1
BRDA:120,37,47,1
BRDA:120,37,48,1
BRDA:120,37,49,1
BRDA:120,37,50,1
BRDA:120,37,51,1
BRDA:120,37,52,1
BRDA:120,37,53,1
BRDA:120,37,54,1
BRDA:120,37,55,1
BRDA:120,37,56,1
BRDA:120,37,57,1
BRDA:120,37,58,1
BRF:131
BRH:99
end_of_record
TN:
SF:D:\TFSDelta\DataVINE CE\public\js\services\hypersproutMgmtService.js
FN:10,(anonymous_1)
FN:15,(anonymous_2)
FN:17,(anonymous_3)
FN:20,(anonymous_4)
FN:26,(anonymous_5)
FN:28,(anonymous_6)
FN:33,(anonymous_7)
FN:35,(anonymous_8)
FN:40,(anonymous_9)
FN:43,(anonymous_10)
FN:48,(anonymous_11)
FN:51,(anonymous_12)
FN:56,(anonymous_13)
FN:58,(anonymous_14)
FN:64,(anonymous_15)
FN:67,(anonymous_16)
FN:73,(anonymous_17)
FN:77,(anonymous_18)
FN:82,(anonymous_19)
FN:86,(anonymous_20)
FN:91,(anonymous_21)
FN:94,(anonymous_22)
FN:99,(anonymous_23)
FN:102,(anonymous_24)
FN:107,(anonymous_25)
FN:110,(anonymous_26)
FN:115,(anonymous_27)
FN:118,(anonymous_28)
FN:123,(anonymous_29)
FN:126,(anonymous_30)
FN:131,(anonymous_31)
FN:134,(anonymous_32)
FN:139,(anonymous_33)
FN:142,(anonymous_34)
FN:147,(anonymous_35)
FN:150,(anonymous_36)
FN:155,(anonymous_37)
FN:158,(anonymous_38)
FNF:38
FNH:38
FNDA:1,(anonymous_1)
FNDA:258,(anonymous_2)
FNDA:21,(anonymous_3)
FNDA:1,(anonymous_4)
FNDA:91,(anonymous_5)
FNDA:8,(anonymous_6)
FNDA:27,(anonymous_7)
FNDA:6,(anonymous_8)
FNDA:2,(anonymous_9)
FNDA:2,(anonymous_10)
FNDA:3,(anonymous_11)
FNDA:3,(anonymous_12)
FNDA:16,(anonymous_13)
FNDA:6,(anonymous_14)
FNDA:3,(anonymous_15)
FNDA:3,(anonymous_16)
FNDA:3,(anonymous_17)
FNDA:3,(anonymous_18)
FNDA:2,(anonymous_19)
FNDA:2,(anonymous_20)
FNDA:1,(anonymous_21)
FNDA:1,(anonymous_22)
FNDA:2,(anonymous_23)
FNDA:2,(anonymous_24)
FNDA:6,(anonymous_25)
FNDA:6,(anonymous_26)
FNDA:13,(anonymous_27)
FNDA:6,(anonymous_28)
FNDA:1,(anonymous_29)
FNDA:1,(anonymous_30)
FNDA:16,(anonymous_31)
FNDA:6,(anonymous_32)
FNDA:3,(anonymous_33)
FNDA:3,(anonymous_34)
FNDA:8,(anonymous_35)
FNDA:5,(anonymous_36)
FNDA:2,(anonymous_37)
FNDA:2,(anonymous_38)
DA:10,1
DA:14,1
DA:16,258
DA:17,258
DA:18,21
DA:19,21
DA:21,1
DA:23,21
DA:26,258
DA:27,91
DA:28,91
DA:29,8
DA:31,91
DA:33,258
DA:34,27
DA:35,27
DA:36,6
DA:38,27
DA:40,258
DA:41,2
DA:42,2
DA:43,2
DA:44,2
DA:46,2
DA:48,258
DA:49,3
DA:50,3
DA:51,3
DA:52,3
DA:54,3
DA:56,258
DA:57,16
DA:58,16
DA:59,6
DA:61,16
DA:64,258
DA:65,3
DA:66,3
DA:67,3
DA:68,3
DA:70,3
DA:73,258
DA:74,3
DA:75,3
DA:76,3
DA:77,3
DA:78,3
DA:80,3
DA:82,258
DA:83,2
DA:84,2
DA:85,2
DA:86,2
DA:87,2
DA:89,2
DA:91,258
DA:92,1
DA:93,1
DA:94,1
DA:95,1
DA:97,1
DA:99,258
DA:100,2
DA:101,2
DA:102,2
DA:103,2
DA:105,2
DA:107,258
DA:108,6
DA:109,6
DA:110,6
DA:111,6
DA:113,6
DA:115,258
DA:116,13
DA:117,13
DA:118,13
DA:119,6
DA:121,13
DA:123,258
DA:124,1
DA:125,1
DA:126,1
DA:127,1
DA:129,1
DA:131,258
DA:132,16
DA:133,16
DA:134,16
DA:135,6
DA:137,16
DA:139,258
DA:140,3
DA:141,3
DA:142,3
DA:143,3
DA:145,3
DA:147,258
DA:148,8
DA:149,8
DA:150,8
DA:151,5
DA:153,8
DA:155,258
DA:156,2
DA:157,2
DA:158,2
DA:159,2
DA:161,2
LF:109
LH:109
BRF:0
BRH:0
end_of_record
TN:
SF:D:\TFSDelta\DataVINE CE\public\js\services\initservice.js
FN:10,(anonymous_1)
FN:15,(anonymous_2)
FN:17,(anonymous_3)
FN:19,(anonymous_4)
FN:25,loadConfigurations
FN:28,(anonymous_6)
FN:29,(anonymous_7)
FNF:7
FNH:4
FNDA:1,(anonymous_1)
FNDA:856,(anonymous_2)
FNDA:2,(anonymous_3)
FNDA:0,(anonymous_4)
FNDA:2,loadConfigurations
FNDA:0,(anonymous_6)
FNDA:0,(anonymous_7)
DA:10,1
DA:14,1
DA:17,856
DA:18,2
DA:19,2
DA:20,0
DA:22,2
DA:25,1
DA:26,2
DA:27,2
DA:29,0
DA:30,0
DA:31,0
DA:32,0
DA:33,0
DA:34,0
DA:35,0
DA:36,0
DA:37,0
DA:38,0
DA:39,0
DA:40,0
DA:42,0
DA:46,2
LF:24
LH:10
BRDA:30,1,0,0
BRDA:30,1,1,0
BRDA:30,2,0,0
BRDA:30,2,1,0
BRF:4
BRH:0
end_of_record
TN:
SF:D:\TFSDelta\DataVINE CE\public\js\services\logoutservice.js
FN:11,(anonymous_1)
FN:16,(anonymous_2)
FN:17,(anonymous_3)
FN:20,(anonymous_4)
FNF:4
FNH:2
FNDA:1,(anonymous_1)
FNDA:856,(anonymous_2)
FNDA:0,(anonymous_3)
FNDA:0,(anonymous_4)
DA:11,1
DA:15,1
DA:17,856
DA:18,0
DA:19,0
DA:20,0
DA:21,0
DA:22,0
DA:23,0
DA:24,0
DA:26,0
LF:11
LH:3
BRF:0
BRH:0
end_of_record
TN:
SF:D:\TFSDelta\DataVINE CE\public\js\services\networkservice.js
FN:10,(anonymous_1)
FN:15,(anonymous_2)
FN:16,(anonymous_3)
FN:49,(anonymous_4)
FN:53,(anonymous_5)
FNF:5
FNH:4
FNDA:1,(anonymous_1)
FNDA:856,(anonymous_2)
FNDA:577,(anonymous_3)
FNDA:209,(anonymous_4)
FNDA:0,(anonymous_5)
DA:10,1
DA:14,1
DA:16,856
DA:17,577
DA:18,0
DA:20,577
DA:21,575
DA:23,577
DA:24,575
DA:27,577
DA:28,577
DA:29,577
DA:30,577
DA:31,577
DA:32,577
DA:34,577
DA:42,577
DA:43,0
DA:44,0
DA:46,577
DA:47,577
DA:50,209
DA:51,209
DA:52,209
DA:54,0
DA:55,0
DA:56,0
DA:59,0
DA:62,0
DA:64,577
LF:30
LH:22
BRDA:17,1,0,0
BRDA:17,1,1,577
BRDA:20,2,0,575
BRDA:20,2,1,2
BRDA:23,3,0,575
BRDA:23,3,1,2
BRDA:29,4,0,577
BRDA:29,4,1,0
BRDA:42,5,0,0
BRDA:42,5,1,577
BRF:10
BRH:7
end_of_record
TN:
SF:D:\TFSDelta\DataVINE CE\public\js\services\networkutilservice.js
FN:12,(anonymous_1)
FN:17,(anonymous_2)
FN:18,(anonymous_3)
FN:25,(anonymous_4)
FN:35,request
FN:44,(anonymous_6)
FN:64,populateData
FN:80,getPopulatedObjectData
FN:96,assignValueFromArray
FNF:9
FNH:5
FNDA:1,(anonymous_1)
FNDA:856,(anonymous_2)
FNDA:612,(anonymous_3)
FNDA:0,(anonymous_4)
FNDA:612,request
FNDA:209,(anonymous_6)
FNDA:0,populateData
FNDA:0,getPopulatedObjectData
FNDA:0,assignValueFromArray
DA:12,1
DA:16,1
DA:18,856
DA:19,612
DA:20,612
DA:21,0
DA:24,612
DA:25,0
DA:26,0
DA:29,612
DA:33,612
DA:35,1
DA:36,612
DA:37,612
DA:38,575
DA:39,575
DA:41,0
DA:43,575
DA:45,209
DA:47,209
DA:48,0
DA:50,209
DA:51,0
DA:52,0
DA:54,209
DA:60,37
DA:64,1
DA:65,0
DA:66,0
DA:67,0
DA:68,0
DA:69,0
DA:70,0
DA:71,0
DA:73,0
DA:77,0
DA:80,1
DA:81,0
DA:82,0
DA:83,0
DA:84,0
DA:85,0
DA:86,0
DA:87,0
DA:89,0
DA:93,0
DA:96,1
DA:97,0
DA:98,0
LF:49
LH:22
BRDA:20,1,0,0
BRDA:20,1,1,612
BRDA:20,2,0,612
BRDA:20,2,1,610
BRDA:24,3,0,0
BRDA:24,3,1,612
BRDA:37,4,0,575
BRDA:37,4,1,37
BRDA:39,5,0,0
BRDA:39,5,1,575
BRDA:39,6,0,575
BRDA:39,6,1,0
BRDA:47,7,0,0
BRDA:47,7,1,209
BRDA:50,8,0,0
BRDA:50,8,1,209
BRDA:50,9,0,209
BRDA:50,9,1,209
BRDA:50,9,2,3
BRDA:65,10,0,0
BRDA:65,10,1,0
BRDA:66,11,0,0
BRDA:66,11,1,0
BRDA:68,12,0,0
BRDA:68,12,1,0
BRDA:70,13,0,0
BRDA:70,13,1,0
BRDA:81,14,0,0
BRDA:81,14,1,0
BRDA:82,15,0,0
BRDA:82,15,1,0
BRDA:84,16,0,0
BRDA:84,16,1,0
BRDA:86,17,0,0
BRDA:86,17,1,0
BRDA:97,18,0,0
BRDA:97,18,1,0
BRF:37
BRH:13
end_of_record
TN:
SF:D:\TFSDelta\DataVINE CE\public\js\services\parseservice.js
FN:10,(anonymous_1)
FN:14,(anonymous_2)
FN:15,(anonymous_3)
FN:121,(anonymous_4)
FN:183,(anonymous_5)
FNF:5
FNH:5
FNDA:1,(anonymous_1)
FNDA:86,(anonymous_2)
FNDA:10,(anonymous_3)
FNDA:15,(anonymous_4)
FNDA:13,(anonymous_5)
DA:10,1
DA:14,1
DA:15,86
DA:16,10
DA:17,10
DA:19,10
DA:21,3
DA:22,3
DA:23,3
DA:24,3
DA:25,3
DA:26,3
DA:27,3
DA:28,3
DA:29,3
DA:30,3
DA:31,3
DA:32,3
DA:34,3
DA:35,3
DA:36,3
DA:37,3
DA:38,3
DA:39,3
DA:40,3
DA:41,3
DA:42,3
DA:43,3
DA:44,3
DA:45,3
DA:46,3
DA:47,3
DA:48,3
DA:52,10
DA:54,3
DA:55,3
DA:56,3
DA:58,3
DA:59,0
DA:61,3
DA:62,0
DA:65,3
DA:66,3
DA:67,3
DA:68,3
DA:69,3
DA:70,3
DA:71,3
DA:72,3
DA:73,3
DA:74,3
DA:75,3
DA:76,3
DA:77,3
DA:78,3
DA:79,3
DA:80,3
DA:81,3
DA:82,3
DA:83,3
DA:85,3
DA:86,3
DA:87,3
DA:88,3
DA:89,3
DA:90,3
DA:91,3
DA:92,3
DA:93,3
DA:94,3
DA:95,3
DA:96,3
DA:97,3
DA:98,3
DA:99,3
DA:100,3
DA:101,3
DA:102,3
DA:103,3
DA:104,3
DA:105,3
DA:106,3
DA:107,3
DA:108,3
DA:109,3
DA:110,3
DA:115,3
DA:118,10
DA:121,86
DA:122,15
DA:123,15
DA:124,3
DA:125,3
DA:126,3
DA:127,0
DA:130,3
DA:131,0
DA:133,3
DA:134,3
DA:135,0
DA:137,3
DA:138,3
DA:139,3
DA:140,3
DA:141,3
DA:142,3
DA:143,3
DA:144,3
DA:145,3
DA:146,3
DA:147,3
DA:148,3
DA:149,3
DA:150,3
DA:151,3
DA:152,3
DA:153,3
DA:154,3
DA:155,3
DA:156,3
DA:157,3
DA:158,3
DA:159,3
DA:160,3
DA:161,3
DA:162,3
DA:163,3
DA:164,3
DA:165,3
DA:166,3
DA:167,3
DA:168,3
DA:169,3
DA:170,3
DA:171,3
DA:172,3
DA:173,3
DA:174,3
DA:175,3
DA:176,3
DA:177,3
DA:178,3
DA:181,15
DA:183,86
DA:184,13
DA:185,13
DA:187,13
DA:188,13
DA:189,13
DA:190,13
DA:191,13
DA:192,13
DA:193,13
DA:194,13
DA:195,13
DA:196,13
DA:197,13
DA:198,13
DA:199,13
DA:200,13
DA:203,13
LF:161
LH:156
BRDA:19,1,0,3
BRDA:19,1,1,7
BRDA:19,2,0,10
BRDA:19,2,1,3
BRDA:23,3,0,3
BRDA:23,3,1,0
BRDA:26,4,0,0
BRDA:26,4,1,3
BRDA:27,5,0,0
BRDA:27,5,1,3
BRDA:28,6,0,0
BRDA:28,6,1,3
BRDA:29,7,0,0
BRDA:29,7,1,3
BRDA:30,8,0,0
BRDA:30,8,1,3
BRDA:31,9,0,0
BRDA:31,9,1,3
BRDA:32,10,0,0
BRDA:32,10,1,3
BRDA:34,11,0,0
BRDA:34,11,1,3
BRDA:35,12,0,0
BRDA:35,12,1,3
BRDA:36,13,0,0
BRDA:36,13,1,3
BRDA:37,14,0,0
BRDA:37,14,1,3
BRDA:38,15,0,0
BRDA:38,15,1,3
BRDA:39,16,0,0
BRDA:39,16,1,3
BRDA:40,17,0,0
BRDA:40,17,1,3
BRDA:41,18,0,0
BRDA:41,18,1,3
BRDA:42,19,0,0
BRDA:42,19,1,3
BRDA:43,20,0,0
BRDA:43,20,1,3
BRDA:44,21,0,0
BRDA:44,21,1,3
BRDA:45,22,0,0
BRDA:45,22,1,3
BRDA:46,23,0,0
BRDA:46,23,1,3
BRDA:47,24,0,0
BRDA:47,24,1,3
BRDA:48,25,0,0
BRDA:48,25,1,3
BRDA:52,26,0,3
BRDA:52,26,1,7
BRDA:52,27,0,10
BRDA:52,27,1,3
BRDA:58,28,0,0
BRDA:58,28,1,3
BRDA:58,29,0,3
BRDA:58,29,1,0
BRDA:61,30,0,0
BRDA:61,30,1,3
BRDA:61,31,0,3
BRDA:61,31,1,3
BRDA:61,32,0,3
BRDA:61,32,1,0
BRDA:87,33,0,3
BRDA:87,33,1,0
BRDA:123,34,0,3
BRDA:123,34,1,12
BRDA:126,35,0,0
BRDA:126,35,1,3
BRDA:126,36,0,3
BRDA:126,36,1,0
BRDA:130,37,0,0
BRDA:130,37,1,3
BRDA:130,38,0,3
BRDA:130,38,1,3
BRDA:130,39,0,0
BRDA:130,39,1,3
BRDA:134,40,0,0
BRDA:134,40,1,3
BRDA:144,41,0,0
BRDA:144,41,1,3
BRDA:145,42,0,0
BRDA:145,42,1,3
BRDA:146,43,0,0
BRDA:146,43,1,3
BRDA:147,44,0,0
BRDA:147,44,1,3
BRDA:148,45,0,0
BRDA:148,45,1,3
BRDA:149,46,0,0
BRDA:149,46,1,3
BRDA:150,47,0,0
BRDA:150,47,1,3
BRDA:151,48,0,0
BRDA:151,48,1,3
BRDA:152,49,0,0
BRDA:152,49,1,3
BRDA:153,50,0,0
BRDA:153,50,1,3
BRDA:154,51,0,0
BRDA:154,51,1,3
BRDA:155,52,0,0
BRDA:155,52,1,3
BRDA:156,53,0,0
BRDA:156,53,1,3
BRDA:157,54,0,0
BRDA:157,54,1,3
BRDA:158,55,0,0
BRDA:158,55,1,3
BRDA:159,56,0,0
BRDA:159,56,1,3
BRDA:160,57,0,0
BRDA:160,57,1,3
BRDA:161,58,0,0
BRDA:161,58,1,3
BRDA:162,59,0,0
BRDA:162,59,1,3
BRDA:163,60,0,0
BRDA:163,60,1,3
BRDA:164,61,0,0
BRDA:164,61,1,3
BRDA:165,62,0,0
BRDA:165,62,1,3
BRDA:166,63,0,0
BRDA:166,63,1,3
BRDA:167,64,0,0
BRDA:167,64,1,3
BRDA:168,65,0,0
BRDA:168,65,1,3
BRDA:169,66,0,0
BRDA:169,66,1,3
BRDA:170,67,0,0
BRDA:170,67,1,3
BRDA:171,68,0,0
BRDA:171,68,1,3
BRDA:172,69,0,0
BRDA:172,69,1,3
BRDA:173,70,0,0
BRDA:173,70,1,3
BRDA:174,71,0,0
BRDA:174,71,1,3
BRDA:175,72,0,0
BRDA:175,72,1,3
BRDA:176,73,0,0
BRDA:176,73,1,3
BRDA:177,74,0,0
BRDA:177,74,1,3
BRDA:185,75,0,13
BRDA:185,75,1,0
BRDA:185,76,0,13
BRDA:185,76,1,13
BRF:152
BRH:84
end_of_record
TN:
SF:D:\TFSDelta\DataVINE CE\public\js\services\permissionService.js
FN:1,(anonymous_1)
FN:6,(anonymous_2)
FN:8,(anonymous_3)
FN:12,(anonymous_4)
FN:19,check
FNF:5
FNH:4
FNDA:1,(anonymous_1)
FNDA:856,(anonymous_2)
FNDA:87,(anonymous_3)
FNDA:0,(anonymous_4)
FNDA:86,check
DA:1,1
DA:5,1
DA:8,856
DA:9,87
DA:10,87
DA:11,87
DA:12,1
DA:13,0
DA:14,0
DA:17,86
DA:19,1
DA:20,86
DA:21,86
DA:22,516
DA:23,516
DA:24,516
DA:25,2494
DA:31,86
DA:32,1
DA:34,85
DA:35,10
DA:36,5
DA:38,5
DA:42,75
DA:43,2
DA:44,1
DA:46,1
DA:48,73
DA:49,2
DA:50,1
DA:52,1
DA:54,71
DA:55,2
DA:56,1
DA:58,1
DA:62,69
DA:63,10
DA:64,5
DA:66,5
DA:69,59
DA:70,2
DA:71,1
DA:73,1
DA:75,57
DA:76,2
DA:77,1
DA:79,1
DA:81,55
DA:82,2
DA:83,1
DA:85,1
DA:88,53
DA:89,6
DA:90,3
DA:92,3
DA:94,47
DA:95,2
DA:96,1
DA:98,1
DA:100,45
DA:101,4
DA:102,2
DA:104,2
DA:107,41
DA:108,2
DA:109,1
DA:111,1
DA:113,39
DA:114,2
DA:115,1
DA:117,1
DA:119,37
DA:120,2
DA:121,1
DA:123,1
DA:126,35
DA:127,2
DA:128,1
DA:130,1
DA:132,33
DA:133,2
DA:134,1
DA:136,1
DA:138,31
DA:139,2
DA:140,1
DA:142,1
DA:144,29
DA:145,2
DA:146,1
DA:148,1
DA:150,27
DA:151,2
DA:152,1
DA:154,1
DA:156,25
DA:157,2
DA:158,1
DA:160,1
DA:164,23
DA:165,2
DA:166,1
DA:168,1
DA:170,21
DA:171,8
DA:172,4
DA:174,4
LF:107
LH:105
BRDA:11,1,0,1
BRDA:11,1,1,86
BRDA:22,2,0,516
BRDA:22,2,1,0
BRDA:31,3,0,1
BRDA:31,3,1,85
BRDA:34,4,0,10
BRDA:34,4,1,75
BRDA:34,5,0,85
BRDA:34,5,1,83
BRDA:34,5,2,81
BRDA:34,5,3,79
BRDA:34,5,4,77
BRDA:35,6,0,5
BRDA:35,6,1,5
BRDA:35,7,0,10
BRDA:35,7,1,10
BRDA:42,8,0,2
BRDA:42,8,1,73
BRDA:43,9,0,1
BRDA:43,9,1,1
BRDA:43,10,0,2
BRDA:43,10,1,2
BRDA:48,11,0,2
BRDA:48,11,1,71
BRDA:49,12,0,1
BRDA:49,12,1,1
BRDA:49,13,0,2
BRDA:49,13,1,2
BRDA:54,14,0,2
BRDA:54,14,1,69
BRDA:55,15,0,1
BRDA:55,15,1,1
BRDA:55,16,0,2
BRDA:55,16,1,2
BRDA:62,17,0,10
BRDA:62,17,1,59
BRDA:62,18,0,69
BRDA:62,18,1,67
BRDA:62,18,2,65
BRDA:62,18,3,63
BRDA:62,18,4,61
BRDA:63,19,0,5
BRDA:63,19,1,5
BRDA:63,20,0,10
BRDA:63,20,1,10
BRDA:69,21,0,2
BRDA:69,21,1,57
BRDA:70,22,0,1
BRDA:70,22,1,1
BRDA:70,23,0,2
BRDA:70,23,1,2
BRDA:75,24,0,2
BRDA:75,24,1,55
BRDA:76,25,0,1
BRDA:76,25,1,1
BRDA:76,26,0,2
BRDA:76,26,1,2
BRDA:81,27,0,2
BRDA:81,27,1,53
BRDA:82,28,0,1
BRDA:82,28,1,1
BRDA:82,29,0,2
BRDA:82,29,1,2
BRDA:88,30,0,6
BRDA:88,30,1,47
BRDA:88,31,0,53
BRDA:88,31,1,51
BRDA:88,31,2,49
BRDA:89,32,0,3
BRDA:89,32,1,3
BRDA:89,33,0,6
BRDA:89,33,1,6
BRDA:94,34,0,2
BRDA:94,34,1,45
BRDA:95,35,0,1
BRDA:95,35,1,1
BRDA:95,36,0,2
BRDA:95,36,1,2
BRDA:100,37,0,4
BRDA:100,37,1,41
BRDA:100,38,0,45
BRDA:100,38,1,43
BRDA:101,39,0,2
BRDA:101,39,1,2
BRDA:101,40,0,4
BRDA:101,40,1,4
BRDA:107,41,0,2
BRDA:107,41,1,39
BRDA:108,42,0,1
BRDA:108,42,1,1
BRDA:108,43,0,2
BRDA:108,43,1,2
BRDA:113,44,0,2
BRDA:113,44,1,37
BRDA:114,45,0,1
BRDA:114,45,1,1
BRDA:114,46,0,2
BRDA:114,46,1,2
BRDA:119,47,0,2
BRDA:119,47,1,35
BRDA:120,48,0,1
BRDA:120,48,1,1
BRDA:120,49,0,2
BRDA:120,49,1,2
BRDA:126,50,0,2
BRDA:126,50,1,33
BRDA:126,51,0,35
BRDA:126,51,1,33
BRDA:126,51,2,33
BRDA:126,51,3,33
BRDA:127,52,0,1
BRDA:127,52,1,1
BRDA:127,53,0,2
BRDA:127,53,1,2
BRDA:132,54,0,2
BRDA:132,54,1,31
BRDA:133,55,0,1
BRDA:133,55,1,1
BRDA:133,56,0,2
BRDA:133,56,1,2
BRDA:138,57,0,2
BRDA:138,57,1,29
BRDA:139,58,0,1
BRDA:139,58,1,1
BRDA:139,59,0,2
BRDA:139,59,1,2
BRDA:144,60,0,2
BRDA:144,60,1,27
BRDA:145,61,0,1
BRDA:145,61,1,1
BRDA:145,62,0,2
BRDA:145,62,1,2
BRDA:150,63,0,2
BRDA:150,63,1,25
BRDA:151,64,0,1
BRDA:151,64,1,1
BRDA:151,65,0,2
BRDA:151,65,1,2
BRDA:156,66,0,2
BRDA:156,66,1,23
BRDA:157,67,0,1
BRDA:157,67,1,1
BRDA:157,68,0,2
BRDA:157,68,1,2
BRDA:164,69,0,2
BRDA:164,69,1,21
BRDA:165,70,0,1
BRDA:165,70,1,1
BRDA:165,71,0,2
BRDA:165,71,1,2
BRDA:170,72,0,8
BRDA:170,72,1,13
BRDA:170,73,0,21
BRDA:170,73,1,19
BRDA:170,73,2,19
BRDA:170,73,3,17
BRDA:170,73,4,15
BRDA:171,74,0,4
BRDA:171,74,1,4
BRDA:171,75,0,8
BRDA:171,75,1,8
BRF:162
BRH:161
end_of_record
TN:
SF:D:\TFSDelta\DataVINE CE\public\js\services\refreshservice.js
FN:11,(anonymous_1)
FN:16,(anonymous_2)
FN:18,(anonymous_3)
FN:21,(anonymous_4)
FN:28,(anonymous_5)
FN:29,(anonymous_6)
FNF:6
FNH:3
FNDA:1,(anonymous_1)
FNDA:856,(anonymous_2)
FNDA:1,(anonymous_3)
FNDA:0,(anonymous_4)
FNDA:0,(anonymous_5)
FNDA:0,(anonymous_6)
DA:11,1
DA:15,1
DA:18,856
DA:19,1
DA:20,1
DA:21,0
DA:22,0
DA:23,0
DA:27,1
DA:28,1
DA:29,0
DA:30,0
DA:34,0
DA:37,1
LF:14
LH:8
BRDA:20,1,0,0
BRDA:20,1,1,1
BRDA:27,2,0,1
BRDA:27,2,1,0
BRDA:27,3,0,1
BRDA:27,3,1,1
BRF:6
BRH:4
end_of_record
TN:
SF:D:\TFSDelta\DataVINE CE\public\js\services\reportsService.js
FN:10,(anonymous_1)
FN:15,(anonymous_2)
FN:16,(anonymous_3)
FN:19,(anonymous_4)
FN:24,(anonymous_5)
FN:27,(anonymous_6)
FN:32,(anonymous_7)
FN:35,(anonymous_8)
FN:40,(anonymous_9)
FN:43,(anonymous_10)
FN:48,(anonymous_11)
FN:50,(anonymous_12)
FN:55,(anonymous_13)
FN:57,(anonymous_14)
FN:62,(anonymous_15)
FN:65,(anonymous_16)
FNF:16
FNH:13
FNDA:1,(anonymous_1)
FNDA:100,(anonymous_2)
FNDA:21,(anonymous_3)
FNDA:1,(anonymous_4)
FNDA:6,(anonymous_5)
FNDA:1,(anonymous_6)
FNDA:8,(anonymous_7)
FNDA:1,(anonymous_8)
FNDA:21,(anonymous_9)
FNDA:1,(anonymous_10)
FNDA:4,(anonymous_11)
FNDA:0,(anonymous_12)
FNDA:0,(anonymous_13)
FNDA:0,(anonymous_14)
FNDA:19,(anonymous_15)
FNDA:1,(anonymous_16)
DA:10,1
DA:14,1
DA:16,100
DA:17,21
DA:18,21
DA:19,21
DA:20,1
DA:22,21
DA:24,100
DA:25,6
DA:26,6
DA:27,6
DA:28,1
DA:30,6
DA:32,100
DA:33,8
DA:34,8
DA:35,8
DA:36,1
DA:38,8
DA:40,100
DA:41,21
DA:42,21
DA:43,21
DA:44,1
DA:46,21
DA:48,100
DA:49,4
DA:50,4
DA:51,0
DA:53,4
DA:55,100
DA:56,0
DA:57,0
DA:58,0
DA:60,0
DA:62,100
DA:63,19
DA:64,19
DA:65,19
DA:66,1
DA:68,19
LF:42
LH:37
BRDA:18,1,0,0
BRDA:18,1,1,21
BRF:2
BRH:1
end_of_record
TN:
SF:D:\TFSDelta\DataVINE CE\public\js\services\systemmanagementservice.js
FN:10,(anonymous_1)
FN:15,(anonymous_2)
FN:17,(anonymous_3)
FN:19,(anonymous_4)
FN:25,(anonymous_5)
FN:28,(anonymous_6)
FN:34,(anonymous_7)
FN:37,(anonymous_8)
FN:43,(anonymous_9)
FN:46,(anonymous_10)
FNF:10
FNH:8
FNDA:1,(anonymous_1)
FNDA:22,(anonymous_2)
FNDA:0,(anonymous_3)
FNDA:0,(anonymous_4)
FNDA:9,(anonymous_5)
FNDA:1,(anonymous_6)
FNDA:10,(anonymous_7)
FNDA:1,(anonymous_8)
FNDA:2,(anonymous_9)
FNDA:2,(anonymous_10)
DA:10,1
DA:14,1
DA:17,22
DA:18,0
DA:19,0
DA:20,0
DA:22,0
DA:25,22
DA:26,9
DA:27,9
DA:28,9
DA:29,1
DA:31,9
DA:34,22
DA:35,10
DA:36,10
DA:37,10
DA:38,1
DA:40,10
DA:43,22
DA:44,2
DA:45,2
DA:46,2
DA:47,2
DA:49,2
LF:25
LH:21
BRDA:46,1,0,2
BRDA:46,1,1,0
BRF:2
BRH:1
end_of_record
TN:
SF:D:\TFSDelta\DataVINE CE\public\js\services\toolsService.js
FN:12,(anonymous_1)
FN:17,(anonymous_2)
FN:18,(anonymous_3)
FN:21,(anonymous_4)
FN:27,(anonymous_5)
FN:30,(anonymous_6)
FN:35,(anonymous_7)
FN:38,(anonymous_8)
FNF:8
FNH:6
FNDA:1,(anonymous_1)
FNDA:6,(anonymous_2)
FNDA:0,(anonymous_3)
FNDA:0,(anonymous_4)
FNDA:3,(anonymous_5)
FNDA:1,(anonymous_6)
FNDA:1,(anonymous_7)
FNDA:1,(anonymous_8)
DA:12,1
DA:16,1
DA:18,6
DA:19,0
DA:20,0
DA:21,0
DA:22,0
DA:24,0
DA:27,6
DA:28,3
DA:29,3
DA:30,3
DA:31,1
DA:33,3
DA:35,6
DA:36,1
DA:37,1
DA:38,1
DA:39,1
DA:41,1
LF:20
LH:15
BRF:0
BRH:0
end_of_record
